{"meta": {"format": 3, "version": "7.15.4", "timestamp": "2026-08-23T03:47:54.816820", "branch_coverage": false, "show_contexts": false}, "files": {"src/lexical/__init__.py": {"executed_lines": [], "summary": {"covered_lines": 0, "num_statements": 0, "percent_covered": 100.0, "percent_covered_display": "100", "missing_lines": 0, "excluded_lines": 0, "percent_statements_covered": 100.0, "percent_statements_covered_display": "100"}, "missing_lines": [], "excluded_lines": [], "functions": {"": {"executed_lines": [], "summary": {"covered_lines": 0, "num_statements": 0, "percent_covered": 100.0, "percent_covered_display": "100", "missing_lines": 0, "excluded_lines": 0, "percent_statements_covered": 100.0, "percent_statements_covered_display": "100"}, "missing_lines": [], "excluded_lines": [], "start_line": 1}}, "classes": {"": {"executed_lines": [], "summary": {"covered_lines": 0, "num_statements": 0, "percent_covered": 100.0, "percent_covered_display": "100", "missing_lines": 0, "excluded_lines": 0, "percent_statements_covered": 100.0, "percent_statements_covered_display": "100"}, "missing_lines": [], "excluded_lines": [], "start_line": 1}}}, "src/lexical/corpus.py": {"executed_lines": [3, 5, 6, 7, 9, 11, 13, 15, 18, 19, 22, 23, 24, 25, 28, 31, 34, 35, 39, 40, 42, 43, 44, 54], "summary": {"covered_lines": 24, "num_statements": 44, "percent_covered": 54.54545454545455, "percent_covered_display": "55", "missing_lines": 20, "excluded_lines": 0, "percent_statements_covered": 54.54545454545455, "percent_statements_covered_display": "55"}, "missing_lines": [32, 37, 48, 49, 50, 51, 52, 56, 58, 59, 60, 62, 63, 64, 65, 66, 69, 73, 82, 83], "excluded_lines": [], "functions": {"Corpus.__init__": {"executed_lines": [], "summary": {"covered_lines": 0, "num_statements": 1, "percent_covered": 0.0, "percent_covered_display": "0", "missing_lines": 1, "excluded_lines": 0, "percent_statements_covered": 0.0, "percent_statements_covered_display": "0"}, "missing_lines": [32], "excluded_lines": [], "start_line": 31}, "Corpus.api": {"executed_lines": [], "summary": {"covered_lines": 0, "num_statements": 1, "percent_covered": 0.0, "percent_covered_display": "0", "missing_lines": 1, "excluded_lines": 0, "percent_statements_covered": 0.0, "percent_statements_covered_display": "0"}, "missing_lines": [37], "excluded_lines": [], "start_line": 35}, "Corpus.load": {"executed_lines": [42, 43, 44], "summary": {"covered_lines": 3, "num_statements": 8, "percent_covered": 37.5, "percent_covered_display": "38", "missing_lines": 5, "excluded_lines": 0, "percent_statements_covered": 37.5, "percent_statements_covered_display": "38"}, "missing_lines": [48, 49, 50, 51, 52], "excluded_lines": [], "start_line": 40}, "Corpus.psalms": {"executed_lines": [], "summary": {"covered_lines": 0, "num_statements": 13, "percent_covered": 0.0, "percent_covered_display": "0", "missing_lines": 13, "excluded_lines": 0, "percent_statements_covered": 0.0, "percent_statements_covered_display": "0"}, "missing_lines": [56, 58, 59, 60, 62, 63, 64, 65, 66, 69, 73, 82, 83], "excluded_lines": [], "start_line": 54}, "": {"executed_lines": [3, 5, 6, 7, 9, 11, 13, 15, 18, 19, 22, 23, 24, 25, 28, 31, 34, 35, 39, 40, 54], "summary": {"covered_lines": 21, "num_statements": 21, "percent_covered": 100.0, "percent_covered_display": "100", "missing_lines": 0, "excluded_lines": 0, "percent_statements_covered": 100.0, "percent_statements_covered_display": "100"}, "missing_lines": [], "excluded_lines": [], "start_line": 1}}, "classes": {"LexicalPsalm": {"executed_lines": [], "summary": {"covered_lines": 0, "num_statements": 0, "percent_covered": 100.0, "percent_covered_display": "100", "missing_lines": 0, "excluded_lines": 0, "percent_statements_covered": 100.0, "percent_statements_covered_display": "100"}, "missing_lines": [], "excluded_lines": [], "start_line": 19}, "Corpus": {"executed_lines": [42, 43, 44], "summary": {"covered_lines": 3, "num_statements": 23, "percent_covered": 13.043478260869565, "percent_covered_display": "13", "missing_lines": 20, "excluded_lines": 0, "percent_statements_covered": 13.043478260869565, "percent_statements_covered_display": "13"}, "missing_lines": [32, 37, 48, 49, 50, 51, 52, 56, 58, 59, 60, 62, 63, 64, 65, 66, 69, 73, 82, 83], "excluded_lines": [], "start_line": 28}, "": {"executed_lines": [3, 5, 6, 7, 9, 11, 13, 15, 18, 19, 22, 23, 24, 25, 28, 31, 34, 35, 39, 40, 54], "summary": {"covered_lines": 21, "num_statements": 21, "percent_covered": 100.0, "percent_covered_display": "100", "missing_lines": 0, "excluded_lines": 0, "percent_statements_covered": 100.0, "percent_statements_covered_display": "100"}, "missing_lines": [], "excluded_lines": [], "start_line": 1}}}, "src/lexical/export.py": {"executed_lines": [3, 5, 7, 8, 9, 11, 14, 25, 26, 27, 39, 52, 61, 62, 63, 64, 65, 73, 74, 77, 91, 100, 101, 102, 103, 104, 111, 119], "summary": {"covered_lines": 28, "num_statements": 28, "percent_covered": 100.0, "percent_covered_display": "100", "missing_lines": 0, "excluded_lines": 0, "percent_statements_covered": 100.0, "percent_statements_covered_display": "100"}, "missing_lines": [], "excluded_lines": [], "functions": {"dataset_path": {"executed_lines": [25, 26, 27], "summary": {"covered_lines": 3, "num_statements": 3, "percent_covered": 100.0, "percent_covered_display": "100", "missing_lines": 0, "excluded_lines": 0, "percent_statements_covered": 100.0, "percent_statements_covered_display": "100"}, "missing_lines": [], "excluded_lines": [], "start_line": 14}, "write_dataset": {"executed_lines": [52, 61, 62, 63, 64, 65, 73, 74], "summary": {"covered_lines": 8, "num_statements": 8, "percent_covered": 100.0, "percent_covered_display": "100", "missing_lines": 0, "excluded_lines": 0, "percent_statements_covered": 100.0, "percent_statements_covered_display": "100"}, "missing_lines": [], "excluded_lines": [], "start_line": 39}, "write_sparse_dataset": {"executed_lines": [91, 100, 101, 102, 103, 104, 111, 119], "summary": {"covered_lines": 8, "num_statements": 8, "percent_covered": 100.0, "percent_covered_display": "100", "missing_lines": 0, "excluded_lines": 0, "percent_statements_covered": 100.0, "percent_statements_covered_display": "100"}, "missing_lines": [], "excluded_lines": [], "start_line": 77}, "": {"executed_lines": [3, 5, 7, 8, 9, 11, 14, 39, 77], "summary": {"covered_lines": 9, "num_statements": 9, "percent_covered": 100.0, "percent_covered_display": "100", "missing_lines": 0, "excluded_lines": 0, "percent_statements_covered": 100.0, "percent_statements_covered_display": "100"}, "missing_lines": [], "excluded_lines": [], "start_line": 1}}, "classes": {"": {"executed_lines": [3, 5, 7, 8, 9, 11, 14, 25, 26, 27, 39, 52, 61, 62, 63, 64, 65, 73, 74, 77, 91, 100, 101, 102, 103, 104, 111, 119], "summary": {"covered_lines": 28, "num_statements": 28, "percent_covered": 100.0, "percent_covered_display": "100", "missing_lines": 0, "excluded_lines": 0, "percent_statements_covered": 100.0, "percent_statements_covered_display": "100"}, "missing_lines": [], "excluded_lines": [], "start_line": 1}}}, "src/lexical/frequency.py": {"executed_lines": [3, 5, 6, 9, 11, 14, 16, 17, 18, 19, 20, 21, 23, 24, 25, 26, 29, 31, 32, 33, 34, 35, 36, 37, 40, 42], "summary": {"covered_lines": 26, "num_statements": 26, "percent_covered": 100.0, "percent_covered_display": "100", "missing_lines": 0, "excluded_lines": 0, "percent_statements_covered": 100.0, "percent_statements_covered_display": "100"}, "missing_lines": [], "excluded_lines": [], "functions": {"total_token_count": {"executed_lines": [11], "summary": {"covered_lines": 1, "num_statements": 1, "percent_covered": 100.0, "percent_covered_display": "100", "missing_lines": 0, "excluded_lines": 0, "percent_statements_covered": 100.0, "percent_statements_covered_display": "100"}, "missing_lines": [], "excluded_lines": [], "start_line": 9}, "lex0_token_frequencies": {"executed_lines": [16, 17, 18, 19, 20, 21, 23, 24, 25, 26], "summary": {"covered_lines": 10, "num_statements": 10, "percent_covered": 100.0, "percent_covered_display": "100", "missing_lines": 0, "excluded_lines": 0, "percent_statements_covered": 100.0, "percent_statements_covered_display": "100"}, "missing_lines": [], "excluded_lines": [], "start_line": 14}, "lex_token_frequencies": {"executed_lines": [31, 32, 33, 34, 35, 36, 37], "summary": {"covered_lines": 7, "num_statements": 7, "percent_covered": 100.0, "percent_covered_display": "100", "missing_lines": 0, "excluded_lines": 0, "percent_statements_covered": 100.0, "percent_statements_covered_display": "100"}, "missing_lines": [], "excluded_lines": [], "start_line": 29}, "icf_weights": {"executed_lines": [42], "summary": {"covered_lines": 1, "num_statements": 1, "percent_covered": 100.0, "percent_covered_display": "100", "missing_lines": 0, "excluded_lines": 0, "percent_statements_covered": 100.0, "percent_statements_covered_display": "100"}, "missing_lines": [], "excluded_lines": [], "start_line": 40}, "": {"executed_lines": [3, 5, 6, 9, 14, 29, 40], "summary": {"covered_lines": 7, "num_statements": 7, "percent_covered": 100.0, "percent_covered_display": "100", "missing_lines": 0, "excluded_lines": 0, "percent_statements_covered": 100.0, "percent_statements_covered_display": "100"}, "missing_lines": [], "excluded_lines": [], "start_line": 1}}, "classes": {"": {"executed_lines": [3, 5, 6, 9, 11, 14, 16, 17, 18, 19, 20, 21, 23, 24, 25, 26, 29, 31, 32, 33, 34, 35, 36, 37, 40, 42], "summary": {"covered_lines": 26, "num_statements": 26, "percent_covered": 100.0, "percent_covered_display": "100", "missing_lines": 0, "excluded_lines": 0, "percent_statements_covered": 100.0, "percent_statements_covered_display": "100"}, "missing_lines": [], "excluded_lines": [], "start_line": 1}}}, "src/lexical/generate.py": {"executed_lines": [3, 5, 6, 7, 9, 11, 12, 13, 14, 15, 16, 17, 18, 19, 20, 27, 28, 30, 51, 52, 53, 54, 55, 58, 66, 67, 68, 69, 70, 71, 72, 73, 74, 75, 76, 77, 78, 79, 80, 81, 82, 83, 86, 87, 90, 91, 95, 101, 105, 106, 107, 108, 109, 110, 111, 112, 113, 117, 118, 119, 122, 138], "summary": {"covered_lines": 62, "num_statements": 73, "percent_covered": 84.93150684931507, "percent_covered_display": "85", "missing_lines": 11, "excluded_lines": 0, "percent_statements_covered": 84.93150684931507, "percent_statements_covered_display": "85"}, "missing_lines": [92, 124, 125, 126, 127, 128, 129, 130, 134, 135, 139], "excluded_lines": [], "functions": {"_vectors_for_weight": {"executed_lines": [66, 67, 68, 69, 70, 71, 72, 73, 74, 75, 76, 77, 78, 79, 80, 81, 82, 83, 86, 87, 90, 91], "summary": {"covered_lines": 22, "num_statements": 23, "percent_covered": 95.65217391304348, "percent_covered_display": "96", "missing_lines": 1, "excluded_lines": 0, "percent_statements_covered": 95.65217391304348, "percent_statements_covered_display": "96"}, "missing_lines": [92], "excluded_lines": [], "start_line": 58}, "generate": {"executed_lines": [101, 105, 106, 107, 108, 109, 110, 111, 112, 113, 117, 118, 119], "summary": {"covered_lines": 13, "num_statements": 13, "percent_covered": 100.0, "percent_covered_display": "100", "missing_lines": 0, "excluded_lines": 0, "percent_statements_covered": 100.0, "percent_statements_covered_display": "100"}, "missing_lines": [], "excluded_lines": [], "start_line": 95}, "main": {"executed_lines": [], "summary": {"covered_lines": 0, "num_statements": 9, "percent_covered": 0.0, "percent_covered_display": "0", "missing_lines": 9, "excluded_lines": 0, "percent_statements_covered": 0.0, "percent_statements_covered_display": "0"}, "missing_lines": [124, 125, 126, 127, 128, 129, 130, 134, 135], "excluded_lines": [], "start_line": 122}, "": {"executed_lines": [3, 5, 6, 7, 9, 11, 12, 13, 14, 15, 16, 17, 18, 19, 20, 27, 28, 30, 51, 52, 53, 54, 55, 58, 95, 122, 138], "summary": {"covered_lines": 27, "num_statements": 28, "percent_covered": 96.42857142857143, "percent_covered_display": "96", "missing_lines": 1, "excluded_lines": 0, "percent_statements_covered": 96.42857142857143, "percent_statements_covered_display": "96"}, "missing_lines": [139], "excluded_lines": [], "start_line": 1}}, "classes": {"": {"executed_lines": [3, 5, 6, 7, 9, 11, 12, 13, 14, 15, 16, 17, 18, 19, 20, 27, 28, 30, 51, 52, 53, 54, 55, 58, 66, 67, 68, 69, 70, 71, 72, 73, 74, 75, 76, 77, 78, 79, 80, 81, 82, 83, 86, 87, 90, 91, 95, 101, 105, 106, 107, 108, 109, 110, 111, 112, 113, 117, 118, 119, 122, 138], "summary": {"covered_lines": 62, "num_statements": 73, "percent_covered": 84.93150684931507, "percent_covered_display": "85", "missing_lines": 11, "excluded_lines": 0, "percent_statements_covered": 84.93150684931507, "percent_statements_covered_display": "85"}, "missing_lines": [92, 124, 125, 126, 127, 128, 129, 130, 134, 135, 139], "excluded_lines": [], "start_line": 1}}}, "src/lexical/generate_surface.py": {"executed_lines": [3, 5, 6, 7, 9, 11, 12, 13, 14, 15, 16, 17, 18, 19, 20, 21, 28, 29, 31, 33, 54, 55, 56, 57, 60, 68, 69, 70, 71, 72, 73, 74, 75, 76, 77, 78, 79, 82, 83, 86, 87, 88, 89, 92, 93, 96, 97, 101, 107, 108, 109, 110, 111, 112, 113, 117, 120, 124, 127, 128, 131, 147], "summary": {"covered_lines": 62, "num_statements": 73, "percent_covered": 84.93150684931507, "percent_covered_display": "85", "missing_lines": 11, "excluded_lines": 0, "percent_statements_covered": 84.93150684931507, "percent_statements_covered_display": "85"}, "missing_lines": [98, 133, 134, 135, 136, 137, 138, 139, 143, 144, 148], "excluded_lines": [], "functions": {"_vectors_for_weight": {"executed_lines": [68, 69, 70, 71, 72, 73, 74, 75, 76, 77, 78, 79, 82, 83, 86, 87, 88, 89, 92, 93, 96, 97], "summary": {"covered_lines": 22, "num_statements": 23, "percent_covered": 95.65217391304348, "percent_covered_display": "96", "missing_lines": 1, "excluded_lines": 0, "percent_statements_covered": 95.65217391304348, "percent_statements_covered_display": "96"}, "missing_lines": [98], "excluded_lines": [], "start_line": 60}, "generate_surface": {"executed_lines": [107, 108, 109, 110, 111, 112, 113, 117, 120, 124, 127, 128], "summary": {"covered_lines": 12, "num_statements": 12, "percent_covered": 100.0, "percent_covered_display": "100", "missing_lines": 0, "excluded_lines": 0, "percent_statements_covered": 100.0, "percent_statements_covered_display": "100"}, "missing_lines": [], "excluded_lines": [], "start_line": 101}, "main": {"executed_lines": [], "summary": {"covered_lines": 0, "num_statements": 9, "percent_covered": 0.0, "percent_covered_display": "0", "missing_lines": 9, "excluded_lines": 0, "percent_statements_covered": 0.0, "percent_statements_covered_display": "0"}, "missing_lines": [133, 134, 135, 136, 137, 138, 139, 143, 144], "excluded_lines": [], "start_line": 131}, "": {"executed_lines": [3, 5, 6, 7, 9, 11, 12, 13, 14, 15, 16, 17, 18, 19, 20, 21, 28, 29, 31, 33, 54, 55, 56, 57, 60, 101, 131, 147], "summary": {"covered_lines": 28, "num_statements": 29, "percent_covered": 96.55172413793103, "percent_covered_display": "97", "missing_lines": 1, "excluded_lines": 0, "percent_statements_covered": 96.55172413793103, "percent_statements_covered_display": "97"}, "missing_lines": [148], "excluded_lines": [], "start_line": 1}}, "classes": {"": {"executed_lines": [3, 5, 6, 7, 9, 11, 12, 13, 14, 15, 16, 17, 18, 19, 20, 21, 28, 29, 31, 33, 54, 55, 56, 57, 60, 68, 69, 70, 71, 72, 73, 74, 75, 76, 77, 78, 79, 82, 83, 86, 87, 88, 89, 92, 93, 96, 97, 101, 107, 108, 109, 110, 111, 112, 113, 117, 120, 124, 127, 128, 131, 147], "summary": {"covered_lines": 62, "num_statements": 73, "percent_covered": 84.93150684931507, "percent_covered_display": "85", "missing_lines": 11, "excluded_lines": 0, "percent_statements_covered": 84.93150684931507, "percent_statements_covered_display": "85"}, "missing_lines": [98, 133, 134, 135, 136, 137, 138, 139, 143, 144, 148], "excluded_lines": [], "start_line": 1}}}, "src/lexical/positional.py": {"executed_lines": [3, 5, 7, 8, 9, 12, 14, 17, 19, 22, 31, 32, 33, 35, 36, 37, 38, 39, 40, 42, 43, 47, 48, 49, 50], "summary": {"covered_lines": 25, "num_statements": 25, "percent_covered": 100.0, "percent_covered_display": "100", "missing_lines": 0, "excluded_lines": 0, "percent_statements_covered": 100.0, "percent_statements_covered_display": "100"}, "missing_lines": [], "excluded_lines": [], "functions": {"colon_positions": {"executed_lines": [14], "summary": {"covered_lines": 1, "num_statements": 1, "percent_covered": 100.0, "percent_covered_display": "100", "missing_lines": 0, "excluded_lines": 0, "percent_statements_covered": 100.0, "percent_statements_covered_display": "100"}, "missing_lines": [], "excluded_lines": [], "start_line": 12}, "bin_index": {"executed_lines": [19], "summary": {"covered_lines": 1, "num_statements": 1, "percent_covered": 100.0, "percent_covered_display": "100", "missing_lines": 0, "excluded_lines": 0, "percent_statements_covered": 100.0, "percent_statements_covered_display": "100"}, "missing_lines": [], "excluded_lines": [], "start_line": 17}, "positional_icf_vectors": {"executed_lines": [31, 32, 33, 35, 36, 37, 38, 39, 40, 42, 43, 47, 48, 49, 50], "summary": {"covered_lines": 15, "num_statements": 15, "percent_covered": 100.0, "percent_covered_display": "100", "missing_lines": 0, "excluded_lines": 0, "percent_statements_covered": 100.0, "percent_statements_covered_display": "100"}, "missing_lines": [], "excluded_lines": [], "start_line": 22}, "": {"executed_lines": [3, 5, 7, 8, 9, 12, 17, 22], "summary": {"covered_lines": 8, "num_statements": 8, "percent_covered": 100.0, "percent_covered_display": "100", "missing_lines": 0, "excluded_lines": 0, "percent_statements_covered": 100.0, "percent_statements_covered_display": "100"}, "missing_lines": [], "excluded_lines": [], "start_line": 1}}, "classes": {"": {"executed_lines": [3, 5, 7, 8, 9, 12, 14, 17, 19, 22, 31, 32, 33, 35, 36, 37, 38, 39, 40, 42, 43, 47, 48, 49, 50], "summary": {"covered_lines": 25, "num_statements": 25, "percent_covered": 100.0, "percent_covered_display": "100", "missing_lines": 0, "excluded_lines": 0, "percent_statements_covered": 100.0, "percent_statements_covered_display": "100"}, "missing_lines": [], "excluded_lines": [], "start_line": 1}}}, "src/lexical/psalm_position.py": {"executed_lines": [3, 5, 7, 8, 9, 10, 13, 22, 23, 24, 26, 27, 28, 29, 30, 31, 33, 34, 35, 36, 40, 41, 43, 44, 45, 48, 49, 50], "summary": {"covered_lines": 28, "num_statements": 28, "percent_covered": 100.0, "percent_covered_display": "100", "missing_lines": 0, "excluded_lines": 0, "percent_statements_covered": 100.0, "percent_statements_covered_display": "100"}, "missing_lines": [], "excluded_lines": [], "functions": {"psalm_positional_icf_vectors": {"executed_lines": [22, 23, 24, 26, 27, 28, 29, 30, 31, 33, 34, 35, 36, 40, 41, 43, 44, 45, 48, 49, 50], "summary": {"covered_lines": 21, "num_statements": 21, "percent_covered": 100.0, "percent_covered_display": "100", "missing_lines": 0, "excluded_lines": 0, "percent_statements_covered": 100.0, "percent_statements_covered_display": "100"}, "missing_lines": [], "excluded_lines": [], "start_line": 13}, "": {"executed_lines": [3, 5, 7, 8, 9, 10, 13], "summary": {"covered_lines": 7, "num_statements": 7, "percent_covered": 100.0, "percent_covered_display": "100", "missing_lines": 0, "excluded_lines": 0, "percent_statements_covered": 100.0, "percent_statements_covered_display": "100"}, "missing_lines": [], "excluded_lines": [], "start_line": 1}}, "classes": {"": {"executed_lines": [3, 5, 7, 8, 9, 10, 13, 22, 23, 24, 26, 27, 28, 29, 30, 31, 33, 34, 35, 36, 40, 41, 43, 44, 45, 48, 49, 50], "summary": {"covered_lines": 28, "num_statements": 28, "percent_covered": 100.0, "percent_covered_display": "100", "missing_lines": 0, "excluded_lines": 0, "percent_statements_covered": 100.0, "percent_statements_covered_display": "100"}, "missing_lines": [], "excluded_lines": [], "start_line": 1}}}, "src/lexical/psalm_recurrence.py": {"executed_lines": [3, 5, 7, 8, 9, 12, 14, 15, 18, 20, 23, 26, 27, 28, 29, 32, 34, 35, 36, 37, 38, 39, 42, 51, 52, 53, 55, 56, 57, 58, 59, 60, 62, 63, 64, 65, 66, 67, 68, 69, 70, 71, 72, 73, 75, 76, 77], "summary": {"covered_lines": 47, "num_statements": 47, "percent_covered": 100.0, "percent_covered_display": "100", "missing_lines": 0, "excluded_lines": 0, "percent_statements_covered": 100.0, "percent_statements_covered_display": "100"}, "missing_lines": [], "excluded_lines": [], "functions": {"normalized_lag": {"executed_lines": [14, 15], "summary": {"covered_lines": 2, "num_statements": 2, "percent_covered": 100.0, "percent_covered_display": "100", "missing_lines": 0, "excluded_lines": 0, "percent_statements_covered": 100.0, "percent_statements_covered_display": "100"}, "missing_lines": [], "excluded_lines": [], "start_line": 12}, "lag_bin_index": {"executed_lines": [20], "summary": {"covered_lines": 1, "num_statements": 1, "percent_covered": 100.0, "percent_covered_display": "100", "missing_lines": 0, "excluded_lines": 0, "percent_statements_covered": 100.0, "percent_statements_covered_display": "100"}, "missing_lines": [], "excluded_lines": [], "start_line": 18}, "_colon_vector": {"executed_lines": [26, 27, 28, 29], "summary": {"covered_lines": 4, "num_statements": 4, "percent_covered": 100.0, "percent_covered_display": "100", "missing_lines": 0, "excluded_lines": 0, "percent_statements_covered": 100.0, "percent_statements_covered_display": "100"}, "missing_lines": [], "excluded_lines": [], "start_line": 23}, "_pairwise_cosine_similarity": {"executed_lines": [34, 35, 36, 37, 38, 39], "summary": {"covered_lines": 6, "num_statements": 6, "percent_covered": 100.0, "percent_covered_display": "100", "missing_lines": 0, "excluded_lines": 0, "percent_statements_covered": 100.0, "percent_statements_covered_display": "100"}, "missing_lines": [], "excluded_lines": [], "start_line": 32}, "psalm_spacing_profile_vectors": {"executed_lines": [51, 52, 53, 55, 56, 57, 58, 59, 60, 62, 63, 64, 65, 66, 67, 68, 69, 70, 71, 72, 73, 75, 76, 77], "summary": {"covered_lines": 24, "num_statements": 24, "percent_covered": 100.0, "percent_covered_display": "100", "missing_lines": 0, "excluded_lines": 0, "percent_statements_covered": 100.0, "percent_statements_covered_display": "100"}, "missing_lines": [], "excluded_lines": [], "start_line": 42}, "": {"executed_lines": [3, 5, 7, 8, 9, 12, 18, 23, 32, 42], "summary": {"covered_lines": 10, "num_statements": 10, "percent_covered": 100.0, "percent_covered_display": "100", "missing_lines": 0, "excluded_lines": 0, "percent_statements_covered": 100.0, "percent_statements_covered_display": "100"}, "missing_lines": [], "excluded_lines": [], "start_line": 1}}, "classes": {"": {"executed_lines": [3, 5, 7, 8, 9, 12, 14, 15, 18, 20, 23, 26, 27, 28, 29, 32, 34, 35, 36, 37, 38, 39, 42, 51, 52, 53, 55, 56, 57, 58, 59, 60, 62, 63, 64, 65, 66, 67, 68, 69, 70, 71, 72, 73, 75, 76, 77], "summary": {"covered_lines": 47, "num_statements": 47, "percent_covered": 100.0, "percent_covered_display": "100", "missing_lines": 0, "excluded_lines": 0, "percent_statements_covered": 100.0, "percent_statements_covered_display": "100"}, "missing_lines": [], "excluded_lines": [], "start_line": 1}}}, "src/lexical/psalm_zoning.py": {"executed_lines": [3, 5, 7, 8, 9, 10, 13, 21, 22, 23, 25, 26, 27, 28, 29, 30, 31, 33, 34, 35, 36, 39, 40, 41, 42, 44, 45, 47, 48, 49, 50, 52, 53, 54, 55], "summary": {"covered_lines": 35, "num_statements": 35, "percent_covered": 100.0, "percent_covered_display": "100", "missing_lines": 0, "excluded_lines": 0, "percent_statements_covered": 100.0, "percent_statements_covered_display": "100"}, "missing_lines": [], "excluded_lines": [], "functions": {"psalm_position_mean_vectors": {"executed_lines": [21, 22, 23, 25, 26, 27, 28, 29, 30, 31, 33, 34, 35, 36, 39, 40, 41, 42, 44, 45, 47, 48, 49, 50, 52, 53, 54, 55], "summary": {"covered_lines": 28, "num_statements": 28, "percent_covered": 100.0, "percent_covered_display": "100", "missing_lines": 0, "excluded_lines": 0, "percent_statements_covered": 100.0, "percent_statements_covered_display": "100"}, "missing_lines": [], "excluded_lines": [], "start_line": 13}, "": {"executed_lines": [3, 5, 7, 8, 9, 10, 13], "summary": {"covered_lines": 7, "num_statements": 7, "percent_covered": 100.0, "percent_covered_display": "100", "missing_lines": 0, "excluded_lines": 0, "percent_statements_covered": 100.0, "percent_statements_covered_display": "100"}, "missing_lines": [], "excluded_lines": [], "start_line": 1}}, "classes": {"": {"executed_lines": [3, 5, 7, 8, 9, 10, 13, 21, 22, 23, 25, 26, 27, 28, 29, 30, 31, 33, 34, 35, 36, 39, 40, 41, 42, 44, 45, 47, 48, 49, 50, 52, 53, 54, 55], "summary": {"covered_lines": 35, "num_statements": 35, "percent_covered": 100.0, "percent_covered_display": "100", "missing_lines": 0, "excluded_lines": 0, "percent_statements_covered": 100.0, "percent_statements_covered_display": "100"}, "missing_lines": [], "excluded_lines": [], "start_line": 1}}}, "src/lexical/recurrence.py": {"executed_lines": [3, 5, 7, 8, 9, 12, 14, 15, 18, 20, 23, 26, 27, 28, 29, 32, 34, 35, 36, 37, 40, 49, 50, 51, 53, 54, 55, 56, 57, 59, 60, 61, 62, 64, 65, 66, 67, 69, 70, 71, 72, 73, 74, 75, 76, 77, 78, 79, 80], "summary": {"covered_lines": 49, "num_statements": 49, "percent_covered": 100.0, "percent_covered_display": "100", "missing_lines": 0, "excluded_lines": 0, "percent_statements_covered": 100.0, "percent_statements_covered_display": "100"}, "missing_lines": [], "excluded_lines": [], "functions": {"normalized_lag": {"executed_lines": [14, 15], "summary": {"covered_lines": 2, "num_statements": 2, "percent_covered": 100.0, "percent_covered_display": "100", "missing_lines": 0, "excluded_lines": 0, "percent_statements_covered": 100.0, "percent_statements_covered_display": "100"}, "missing_lines": [], "excluded_lines": [], "start_line": 12}, "lag_bin_index": {"executed_lines": [20], "summary": {"covered_lines": 1, "num_statements": 1, "percent_covered": 100.0, "percent_covered_display": "100", "missing_lines": 0, "excluded_lines": 0, "percent_statements_covered": 100.0, "percent_statements_covered_display": "100"}, "missing_lines": [], "excluded_lines": [], "start_line": 18}, "_colon_vector": {"executed_lines": [26, 27, 28, 29], "summary": {"covered_lines": 4, "num_statements": 4, "percent_covered": 100.0, "percent_covered_display": "100", "missing_lines": 0, "excluded_lines": 0, "percent_statements_covered": 100.0, "percent_statements_covered_display": "100"}, "missing_lines": [], "excluded_lines": [], "start_line": 23}, "_full_cosine_similarity_matrix": {"executed_lines": [34, 35, 36, 37], "summary": {"covered_lines": 4, "num_statements": 4, "percent_covered": 100.0, "percent_covered_display": "100", "missing_lines": 0, "excluded_lines": 0, "percent_statements_covered": 100.0, "percent_statements_covered_display": "100"}, "missing_lines": [], "excluded_lines": [], "start_line": 32}, "spacing_profile_vectors": {"executed_lines": [49, 50, 51, 53, 54, 55, 56, 57, 59, 60, 61, 62, 64, 65, 66, 67, 69, 70, 71, 72, 73, 74, 75, 76, 77, 78, 79, 80], "summary": {"covered_lines": 28, "num_statements": 28, "percent_covered": 100.0, "percent_covered_display": "100", "missing_lines": 0, "excluded_lines": 0, "percent_statements_covered": 100.0, "percent_statements_covered_display": "100"}, "missing_lines": [], "excluded_lines": [], "start_line": 40}, "": {"executed_lines": [3, 5, 7, 8, 9, 12, 18, 23, 32, 40], "summary": {"covered_lines": 10, "num_statements": 10, "percent_covered": 100.0, "percent_covered_display": "100", "missing_lines": 0, "excluded_lines": 0, "percent_statements_covered": 100.0, "percent_statements_covered_display": "100"}, "missing_lines": [], "excluded_lines": [], "start_line": 1}}, "classes": {"": {"executed_lines": [3, 5, 7, 8, 9, 12, 14, 15, 18, 20, 23, 26, 27, 28, 29, 32, 34, 35, 36, 37, 40, 49, 50, 51, 53, 54, 55, 56, 57, 59, 60, 61, 62, 64, 65, 66, 67, 69, 70, 71, 72, 73, 74, 75, 76, 77, 78, 79, 80], "summary": {"covered_lines": 49, "num_statements": 49, "percent_covered": 100.0, "percent_covered_display": "100", "missing_lines": 0, "excluded_lines": 0, "percent_statements_covered": 100.0, "percent_statements_covered_display": "100"}, "missing_lines": [], "excluded_lines": [], "start_line": 1}}}, "src/lexical/scripts/__init__.py": {"executed_lines": [], "summary": {"covered_lines": 0, "num_statements": 0, "percent_covered": 100.0, "percent_covered_display": "100", "missing_lines": 0, "excluded_lines": 0, "percent_statements_covered": 100.0, "percent_statements_covered_display": "100"}, "missing_lines": [], "excluded_lines": [], "functions": {"": {"executed_lines": [], "summary": {"covered_lines": 0, "num_statements": 0, "percent_covered": 100.0, "percent_covered_display": "100", "missing_lines": 0, "excluded_lines": 0, "percent_statements_covered": 100.0, "percent_statements_covered_display": "100"}, "missing_lines": [], "excluded_lines": [], "start_line": 1}}, "classes": {"": {"executed_lines": [], "summary": {"covered_lines": 0, "num_statements": 0, "percent_covered": 100.0, "percent_covered_display": "100", "missing_lines": 0, "excluded_lines": 0, "percent_statements_covered": 100.0, "percent_statements_covered_display": "100"}, "missing_lines": [], "excluded_lines": [], "start_line": 1}}}, "src/lexical/scripts/generate_shuffle_control.py": {"executed_lines": [3, 5, 6, 8, 9, 10, 11, 12, 13, 14, 17, 21, 22, 23, 24, 25, 28, 29, 30, 31, 32, 35, 53], "summary": {"covered_lines": 23, "num_statements": 36, "percent_covered": 63.888888888888886, "percent_covered_display": "64", "missing_lines": 13, "excluded_lines": 0, "percent_statements_covered": 63.888888888888886, "percent_statements_covered_display": "64"}, "missing_lines": [37, 39, 40, 41, 42, 44, 45, 46, 47, 48, 49, 50, 54], "excluded_lines": [], "functions": {"generate_shuffle_control": {"executed_lines": [21, 22, 23, 24, 25, 28, 29, 30, 31, 32], "summary": {"covered_lines": 10, "num_statements": 10, "percent_covered": 100.0, "percent_covered_display": "100", "missing_lines": 0, "excluded_lines": 0, "percent_statements_covered": 100.0, "percent_statements_covered_display": "100"}, "missing_lines": [], "excluded_lines": [], "start_line": 17}, "main": {"executed_lines": [], "summary": {"covered_lines": 0, "num_statements": 12, "percent_covered": 0.0, "percent_covered_display": "0", "missing_lines": 12, "excluded_lines": 0, "percent_statements_covered": 0.0, "percent_statements_covered_display": "0"}, "missing_lines": [37, 39, 40, 41, 42, 44, 45, 46, 47, 48, 49, 50], "excluded_lines": [], "start_line": 35}, "": {"executed_lines": [3, 5, 6, 8, 9, 10, 11, 12, 13, 14, 17, 35, 53], "summary": {"covered_lines": 13, "num_statements": 14, "percent_covered": 92.85714285714286, "percent_covered_display": "93", "missing_lines": 1, "excluded_lines": 0, "percent_statements_covered": 92.85714285714286, "percent_statements_covered_display": "93"}, "missing_lines": [54], "excluded_lines": [], "start_line": 1}}, "classes": {"": {"executed_lines": [3, 5, 6, 8, 9, 10, 11, 12, 13, 14, 17, 21, 22, 23, 24, 25, 28, 29, 30, 31, 32, 35, 53], "summary": {"covered_lines": 23, "num_statements": 36, "percent_covered": 63.888888888888886, "percent_covered_display": "64", "missing_lines": 13, "excluded_lines": 0, "percent_statements_covered": 63.888888888888886, "percent_statements_covered_display": "64"}, "missing_lines": [37, 39, 40, 41, 42, 44, 45, 46, 47, 48, 49, 50, 54], "excluded_lines": [], "start_line": 1}}}, "src/lexical/scripts/generate_shuffle_control_colon.py": {"executed_lines": [3, 5, 6, 8, 9, 10, 11, 12, 13, 14, 16, 19, 23, 24, 25, 26, 27, 30, 31, 32, 33, 34, 37, 55], "summary": {"covered_lines": 24, "num_statements": 37, "percent_covered": 64.86486486486487, "percent_covered_display": "65", "missing_lines": 13, "excluded_lines": 0, "percent_statements_covered": 64.86486486486487, "percent_statements_covered_display": "65"}, "missing_lines": [39, 41, 42, 43, 44, 46, 47, 48, 49, 50, 51, 52, 56], "excluded_lines": [], "functions": {"generate_shuffle_control_colon": {"executed_lines": [23, 24, 25, 26, 27, 30, 31, 32, 33, 34], "summary": {"covered_lines": 10, "num_statements": 10, "percent_covered": 100.0, "percent_covered_display": "100", "missing_lines": 0, "excluded_lines": 0, "percent_statements_covered": 100.0, "percent_statements_covered_display": "100"}, "missing_lines": [], "excluded_lines": [], "start_line": 19}, "main": {"executed_lines": [], "summary": {"covered_lines": 0, "num_statements": 12, "percent_covered": 0.0, "percent_covered_display": "0", "missing_lines": 12, "excluded_lines": 0, "percent_statements_covered": 0.0, "percent_statements_covered_display": "0"}, "missing_lines": [39, 41, 42, 43, 44, 46, 47, 48, 49, 50, 51, 52], "excluded_lines": [], "start_line": 37}, "": {"executed_lines": [3, 5, 6, 8, 9, 10, 11, 12, 13, 14, 16, 19, 37, 55], "summary": {"covered_lines": 14, "num_statements": 15, "percent_covered": 93.33333333333333, "percent_covered_display": "93", "missing_lines": 1, "excluded_lines": 0, "percent_statements_covered": 93.33333333333333, "percent_statements_covered_display": "93"}, "missing_lines": [56], "excluded_lines": [], "start_line": 1}}, "classes": {"": {"executed_lines": [3, 5, 6, 8, 9, 10, 11, 12, 13, 14, 16, 19, 23, 24, 25, 26, 27, 30, 31, 32, 33, 34, 37, 55], "summary": {"covered_lines": 24, "num_statements": 37, "percent_covered": 64.86486486486487, "percent_covered_display": "65", "missing_lines": 13, "excluded_lines": 0, "percent_statements_covered": 64.86486486486487, "percent_statements_covered_display": "65"}, "missing_lines": [39, 41, 42, 43, 44, 46, 47, 48, 49, 50, 51, 52, 56], "excluded_lines": [], "start_line": 1}}}, "src/lexical/shuffle_control.py": {"executed_lines": [3, 5, 7, 10, 12, 13, 14, 15, 16, 17], "summary": {"covered_lines": 10, "num_statements": 10, "percent_covered": 100.0, "percent_covered_display": "100", "missing_lines": 0, "excluded_lines": 0, "percent_statements_covered": 100.0, "percent_statements_covered_display": "100"}, "missing_lines": [], "excluded_lines": [], "functions": {"shuffled_order_by_psalm": {"executed_lines": [12, 13, 14, 15, 16, 17], "summary": {"covered_lines": 6, "num_statements": 6, "percent_covered": 100.0, "percent_covered_display": "100", "missing_lines": 0, "excluded_lines": 0, "percent_statements_covered": 100.0, "percent_statements_covered_display": "100"}, "missing_lines": [], "excluded_lines": [], "start_line": 10}, "": {"executed_lines": [3, 5, 7, 10], "summary": {"covered_lines": 4, "num_statements": 4, "percent_covered": 100.0, "percent_covered_display": "100", "missing_lines": 0, "excluded_lines": 0, "percent_statements_covered": 100.0, "percent_statements_covered_display": "100"}, "missing_lines": [], "excluded_lines": [], "start_line": 1}}, "classes": {"": {"executed_lines": [3, 5, 7, 10, 12, 13, 14, 15, 16, 17], "summary": {"covered_lines": 10, "num_statements": 10, "percent_covered": 100.0, "percent_covered_display": "100", "missing_lines": 0, "excluded_lines": 0, "percent_statements_covered": 100.0, "percent_statements_covered_display": "100"}, "missing_lines": [], "excluded_lines": [], "start_line": 1}}}, "src/lexical/surface_corpus.py": {"executed_lines": [3, 5, 6, 7, 9, 11, 13, 15, 18, 21, 23, 26, 27, 30, 31, 32, 33, 34, 37, 40, 43, 44, 48, 49, 51, 52, 53, 63], "summary": {"covered_lines": 28, "num_statements": 49, "percent_covered": 57.142857142857146, "percent_covered_display": "57", "missing_lines": 21, "excluded_lines": 0, "percent_statements_covered": 57.142857142857146, "percent_statements_covered_display": "57"}, "missing_lines": [41, 46, 57, 58, 59, 60, 61, 65, 67, 68, 69, 71, 72, 73, 74, 75, 78, 81, 86, 96, 97], "excluded_lines": [], "functions": {"_strip_accents": {"executed_lines": [23], "summary": {"covered_lines": 1, "num_statements": 1, "percent_covered": 100.0, "percent_covered_display": "100", "missing_lines": 0, "excluded_lines": 0, "percent_statements_covered": 100.0, "percent_statements_covered_display": "100"}, "missing_lines": [], "excluded_lines": [], "start_line": 21}, "SurfaceCorpus.__init__": {"executed_lines": [], "summary": {"covered_lines": 0, "num_statements": 1, "percent_covered": 0.0, "percent_covered_display": "0", "missing_lines": 1, "excluded_lines": 0, "percent_statements_covered": 0.0, "percent_statements_covered_display": "0"}, "missing_lines": [41], "excluded_lines": [], "start_line": 40}, "SurfaceCorpus.api": {"executed_lines": [], "summary": {"covered_lines": 0, "num_statements": 1, "percent_covered": 0.0, "percent_covered_display": "0", "missing_lines": 1, "excluded_lines": 0, "percent_statements_covered": 0.0, "percent_statements_covered_display": "0"}, "missing_lines": [46], "excluded_lines": [], "start_line": 44}, "SurfaceCorpus.load": {"executed_lines": [51, 52, 53], "summary": {"covered_lines": 3, "num_statements": 8, "percent_covered": 37.5, "percent_covered_display": "38", "missing_lines": 5, "excluded_lines": 0, "percent_statements_covered": 37.5, "percent_statements_covered_display": "38"}, "missing_lines": [57, 58, 59, 60, 61], "excluded_lines": [], "start_line": 49}, "SurfaceCorpus.psalms": {"executed_lines": [], "summary": {"covered_lines": 0, "num_statements": 14, "percent_covered": 0.0, "percent_covered_display": "0", "missing_lines": 14, "excluded_lines": 0, "percent_statements_covered": 0.0, "percent_statements_covered_display": "0"}, "missing_lines": [65, 67, 68, 69, 71, 72, 73, 74, 75, 78, 81, 86, 96, 97], "excluded_lines": [], "start_line": 63}, "": {"executed_lines": [3, 5, 6, 7, 9, 11, 13, 15, 18, 21, 26, 27, 30, 31, 32, 33, 34, 37, 40, 43, 44, 48, 49, 63], "summary": {"covered_lines": 24, "num_statements": 24, "percent_covered": 100.0, "percent_covered_display": "100", "missing_lines": 0, "excluded_lines": 0, "percent_statements_covered": 100.0, "percent_statements_covered_display": "100"}, "missing_lines": [], "excluded_lines": [], "start_line": 1}}, "classes": {"SurfacePsalm": {"executed_lines": [], "summary": {"covered_lines": 0, "num_statements": 0, "percent_covered": 100.0, "percent_covered_display": "100", "missing_lines": 0, "excluded_lines": 0, "percent_statements_covered": 100.0, "percent_statements_covered_display": "100"}, "missing_lines": [], "excluded_lines": [], "start_line": 27}, "SurfaceCorpus": {"executed_lines": [51, 52, 53], "summary": {"covered_lines": 3, "num_statements": 24, "percent_covered": 12.5, "percent_covered_display": "12", "missing_lines": 21, "excluded_lines": 0, "percent_statements_covered": 12.5, "percent_statements_covered_display": "12"}, "missing_lines": [41, 46, 57, 58, 59, 60, 61, 65, 67, 68, 69, 71, 72, 73, 74, 75, 78, 81, 86, 96, 97], "excluded_lines": [], "start_line": 37}, "": {"executed_lines": [3, 5, 6, 7, 9, 11, 13, 15, 18, 21, 23, 26, 27, 30, 31, 32, 33, 34, 37, 40, 43, 44, 48, 49, 63], "summary": {"covered_lines": 25, "num_statements": 25, "percent_covered": 100.0, "percent_covered_display": "100", "missing_lines": 0, "excluded_lines": 0, "percent_statements_covered": 100.0, "percent_statements_covered_display": "100"}, "missing_lines": [], "excluded_lines": [], "start_line": 1}}}, "src/lexical/surface_frequency.py": {"executed_lines": [3, 5, 7, 8, 11, 13, 14, 15, 16, 17, 18, 19, 21, 22, 23], "summary": {"covered_lines": 15, "num_statements": 15, "percent_covered": 100.0, "percent_covered_display": "100", "missing_lines": 0, "excluded_lines": 0, "percent_statements_covered": 100.0, "percent_statements_covered_display": "100"}, "missing_lines": [], "excluded_lines": [], "functions": {"surface_token_frequencies": {"executed_lines": [13, 14, 15, 16, 17, 18, 19, 21, 22, 23], "summary": {"covered_lines": 10, "num_statements": 10, "percent_covered": 100.0, "percent_covered_display": "100", "missing_lines": 0, "excluded_lines": 0, "percent_statements_covered": 100.0, "percent_statements_covered_display": "100"}, "missing_lines": [], "excluded_lines": [], "start_line": 11}, "": {"executed_lines": [3, 5, 7, 8, 11], "summary": {"covered_lines": 5, "num_statements": 5, "percent_covered": 100.0, "percent_covered_display": "100", "missing_lines": 0, "excluded_lines": 0, "percent_statements_covered": 100.0, "percent_statements_covered_display": "100"}, "missing_lines": [], "excluded_lines": [], "start_line": 1}}, "classes": {"": {"executed_lines": [3, 5, 7, 8, 11, 13, 14, 15, 16, 17, 18, 19, 21, 22, 23], "summary": {"covered_lines": 15, "num_statements": 15, "percent_covered": 100.0, "percent_covered_display": "100", "missing_lines": 0, "excluded_lines": 0, "percent_statements_covered": 100.0, "percent_statements_covered_display": "100"}, "missing_lines": [], "excluded_lines": [], "start_line": 1}}}, "src/lexical/surface_positional.py": {"executed_lines": [3, 5, 7, 8, 9, 10, 13, 22, 23, 24, 26, 27, 28, 29, 30, 31, 33, 34, 38, 39, 40, 41], "summary": {"covered_lines": 22, "num_statements": 22, "percent_covered": 100.0, "percent_covered_display": "100", "missing_lines": 0, "excluded_lines": 0, "percent_statements_covered": 100.0, "percent_statements_covered_display": "100"}, "missing_lines": [], "excluded_lines": [], "functions": {"surface_positional_icf_vectors": {"executed_lines": [22, 23, 24, 26, 27, 28, 29, 30, 31, 33, 34, 38, 39, 40, 41], "summary": {"covered_lines": 15, "num_statements": 15, "percent_covered": 100.0, "percent_covered_display": "100", "missing_lines": 0, "excluded_lines": 0, "percent_statements_covered": 100.0, "percent_statements_covered_display": "100"}, "missing_lines": [], "excluded_lines": [], "start_line": 13}, "": {"executed_lines": [3, 5, 7, 8, 9, 10, 13], "summary": {"covered_lines": 7, "num_statements": 7, "percent_covered": 100.0, "percent_covered_display": "100", "missing_lines": 0, "excluded_lines": 0, "percent_statements_covered": 100.0, "percent_statements_covered_display": "100"}, "missing_lines": [], "excluded_lines": [], "start_line": 1}}, "classes": {"": {"executed_lines": [3, 5, 7, 8, 9, 10, 13, 22, 23, 24, 26, 27, 28, 29, 30, 31, 33, 34, 38, 39, 40, 41], "summary": {"covered_lines": 22, "num_statements": 22, "percent_covered": 100.0, "percent_covered_display": "100", "missing_lines": 0, "excluded_lines": 0, "percent_statements_covered": 100.0, "percent_statements_covered_display": "100"}, "missing_lines": [], "excluded_lines": [], "start_line": 1}}}, "src/lexical/surface_psalm_position.py": {"executed_lines": [3, 5, 7, 8, 9, 10, 13, 22, 23, 24, 26, 27, 28, 29, 30, 31, 33, 34, 35, 36, 40, 41, 43, 44, 45, 48, 49, 50], "summary": {"covered_lines": 28, "num_statements": 28, "percent_covered": 100.0, "percent_covered_display": "100", "missing_lines": 0, "excluded_lines": 0, "percent_statements_covered": 100.0, "percent_statements_covered_display": "100"}, "missing_lines": [], "excluded_lines": [], "functions": {"surface_psalm_positional_icf_vectors": {"executed_lines": [22, 23, 24, 26, 27, 28, 29, 30, 31, 33, 34, 35, 36, 40, 41, 43, 44, 45, 48, 49, 50], "summary": {"covered_lines": 21, "num_statements": 21, "percent_covered": 100.0, "percent_covered_display": "100", "missing_lines": 0, "excluded_lines": 0, "percent_statements_covered": 100.0, "percent_statements_covered_display": "100"}, "missing_lines": [], "excluded_lines": [], "start_line": 13}, "": {"executed_lines": [3, 5, 7, 8, 9, 10, 13], "summary": {"covered_lines": 7, "num_statements": 7, "percent_covered": 100.0, "percent_covered_display": "100", "missing_lines": 0, "excluded_lines": 0, "percent_statements_covered": 100.0, "percent_statements_covered_display": "100"}, "missing_lines": [], "excluded_lines": [], "start_line": 1}}, "classes": {"": {"executed_lines": [3, 5, 7, 8, 9, 10, 13, 22, 23, 24, 26, 27, 28, 29, 30, 31, 33, 34, 35, 36, 40, 41, 43, 44, 45, 48, 49, 50], "summary": {"covered_lines": 28, "num_statements": 28, "percent_covered": 100.0, "percent_covered_display": "100", "missing_lines": 0, "excluded_lines": 0, "percent_statements_covered": 100.0, "percent_statements_covered_display": "100"}, "missing_lines": [], "excluded_lines": [], "start_line": 1}}}, "src/lexical/surface_psalm_recurrence.py": {"executed_lines": [3, 5, 7, 8, 9, 10, 13, 16, 17, 18, 19, 22, 24, 25, 26, 27, 28, 29, 32, 41, 42, 43, 45, 46, 47, 48, 49, 50, 52, 53, 54, 55, 56, 57, 58, 59, 60, 61, 62, 63, 65, 66, 67], "summary": {"covered_lines": 43, "num_statements": 43, "percent_covered": 100.0, "percent_covered_display": "100", "missing_lines": 0, "excluded_lines": 0, "percent_statements_covered": 100.0, "percent_statements_covered_display": "100"}, "missing_lines": [], "excluded_lines": [], "functions": {"_colon_vector": {"executed_lines": [16, 17, 18, 19], "summary": {"covered_lines": 4, "num_statements": 4, "percent_covered": 100.0, "percent_covered_display": "100", "missing_lines": 0, "excluded_lines": 0, "percent_statements_covered": 100.0, "percent_statements_covered_display": "100"}, "missing_lines": [], "excluded_lines": [], "start_line": 13}, "_pairwise_cosine_similarity": {"executed_lines": [24, 25, 26, 27, 28, 29], "summary": {"covered_lines": 6, "num_statements": 6, "percent_covered": 100.0, "percent_covered_display": "100", "missing_lines": 0, "excluded_lines": 0, "percent_statements_covered": 100.0, "percent_statements_covered_display": "100"}, "missing_lines": [], "excluded_lines": [], "start_line": 22}, "surface_psalm_spacing_profile_vectors": {"executed_lines": [41, 42, 43, 45, 46, 47, 48, 49, 50, 52, 53, 54, 55, 56, 57, 58, 59, 60, 61, 62, 63, 65, 66, 67], "summary": {"covered_lines": 24, "num_statements": 24, "percent_covered": 100.0, "percent_covered_display": "100", "missing_lines": 0, "excluded_lines": 0, "percent_statements_covered": 100.0, "percent_statements_covered_display": "100"}, "missing_lines": [], "excluded_lines": [], "start_line": 32}, "": {"executed_lines": [3, 5, 7, 8, 9, 10, 13, 22, 32], "summary": {"covered_lines": 9, "num_statements": 9, "percent_covered": 100.0, "percent_covered_display": "100", "missing_lines": 0, "excluded_lines": 0, "percent_statements_covered": 100.0, "percent_statements_covered_display": "100"}, "missing_lines": [], "excluded_lines": [], "start_line": 1}}, "classes": {"": {"executed_lines": [3, 5, 7, 8, 9, 10, 13, 16, 17, 18, 19, 22, 24, 25, 26, 27, 28, 29, 32, 41, 42, 43, 45, 46, 47, 48, 49, 50, 52, 53, 54, 55, 56, 57, 58, 59, 60, 61, 62, 63, 65, 66, 67], "summary": {"covered_lines": 43, "num_statements": 43, "percent_covered": 100.0, "percent_covered_display": "100", "missing_lines": 0, "excluded_lines": 0, "percent_statements_covered": 100.0, "percent_statements_covered_display": "100"}, "missing_lines": [], "excluded_lines": [], "start_line": 1}}}, "src/lexical/surface_psalm_zoning.py": {"executed_lines": [3, 5, 7, 8, 9, 10, 13, 21, 22, 23, 25, 26, 27, 28, 29, 30, 31, 33, 34, 35, 36, 39, 40, 41, 42, 44, 45, 47, 48, 49, 50, 52, 53, 54, 55], "summary": {"covered_lines": 35, "num_statements": 35, "percent_covered": 100.0, "percent_covered_display": "100", "missing_lines": 0, "excluded_lines": 0, "percent_statements_covered": 100.0, "percent_statements_covered_display": "100"}, "missing_lines": [], "excluded_lines": [], "functions": {"surface_psalm_position_mean_vectors": {"executed_lines": [21, 22, 23, 25, 26, 27, 28, 29, 30, 31, 33, 34, 35, 36, 39, 40, 41, 42, 44, 45, 47, 48, 49, 50, 52, 53, 54, 55], "summary": {"covered_lines": 28, "num_statements": 28, "percent_covered": 100.0, "percent_covered_display": "100", "missing_lines": 0, "excluded_lines": 0, "percent_statements_covered": 100.0, "percent_statements_covered_display": "100"}, "missing_lines": [], "excluded_lines": [], "start_line": 13}, "": {"executed_lines": [3, 5, 7, 8, 9, 10, 13], "summary": {"covered_lines": 7, "num_statements": 7, "percent_covered": 100.0, "percent_covered_display": "100", "missing_lines": 0, "excluded_lines": 0, "percent_statements_covered": 100.0, "percent_statements_covered_display": "100"}, "missing_lines": [], "excluded_lines": [], "start_line": 1}}, "classes": {"": {"executed_lines": [3, 5, 7, 8, 9, 10, 13, 21, 22, 23, 25, 26, 27, 28, 29, 30, 31, 33, 34, 35, 36, 39, 40, 41, 42, 44, 45, 47, 48, 49, 50, 52, 53, 54, 55], "summary": {"covered_lines": 35, "num_statements": 35, "percent_covered": 100.0, "percent_covered_display": "100", "missing_lines": 0, "excluded_lines": 0, "percent_statements_covered": 100.0, "percent_statements_covered_display": "100"}, "missing_lines": [], "excluded_lines": [], "start_line": 1}}}, "src/lexical/surface_recurrence.py": {"executed_lines": [3, 5, 7, 8, 9, 10, 13, 16, 17, 18, 19, 22, 24, 25, 26, 27, 30, 39, 40, 41, 43, 44, 45, 46, 47, 49, 50, 51, 52, 54, 55, 56, 57, 59, 60, 61, 62, 63, 64, 65, 66, 67, 68, 69, 70], "summary": {"covered_lines": 45, "num_statements": 45, "percent_covered": 100.0, "percent_covered_display": "100", "missing_lines": 0, "excluded_lines": 0, "percent_statements_covered": 100.0, "percent_statements_covered_display": "100"}, "missing_lines": [], "excluded_lines": [], "functions": {"_colon_vector": {"executed_lines": [16, 17, 18, 19], "summary": {"covered_lines": 4, "num_statements": 4, "percent_covered": 100.0, "percent_covered_display": "100", "missing_lines": 0, "excluded_lines": 0, "percent_statements_covered": 100.0, "percent_statements_covered_display": "100"}, "missing_lines": [], "excluded_lines": [], "start_line": 13}, "_full_cosine_similarity_matrix": {"executed_lines": [24, 25, 26, 27], "summary": {"covered_lines": 4, "num_statements": 4, "percent_covered": 100.0, "percent_covered_display": "100", "missing_lines": 0, "excluded_lines": 0, "percent_statements_covered": 100.0, "percent_statements_covered_display": "100"}, "missing_lines": [], "excluded_lines": [], "start_line": 22}, "surface_spacing_profile_vectors": {"executed_lines": [39, 40, 41, 43, 44, 45, 46, 47, 49, 50, 51, 52, 54, 55, 56, 57, 59, 60, 61, 62, 63, 64, 65, 66, 67, 68, 69, 70], "summary": {"covered_lines": 28, "num_statements": 28, "percent_covered": 100.0, "percent_covered_display": "100", "missing_lines": 0, "excluded_lines": 0, "percent_statements_covered": 100.0, "percent_statements_covered_display": "100"}, "missing_lines": [], "excluded_lines": [], "start_line": 30}, "": {"executed_lines": [3, 5, 7, 8, 9, 10, 13, 22, 30], "summary": {"covered_lines": 9, "num_statements": 9, "percent_covered": 100.0, "percent_covered_display": "100", "missing_lines": 0, "excluded_lines": 0, "percent_statements_covered": 100.0, "percent_statements_covered_display": "100"}, "missing_lines": [], "excluded_lines": [], "start_line": 1}}, "classes": {"": {"executed_lines": [3, 5, 7, 8, 9, 10, 13, 16, 17, 18, 19, 22, 24, 25, 26, 27, 30, 39, 40, 41, 43, 44, 45, 46, 47, 49, 50, 51, 52, 54, 55, 56, 57, 59, 60, 61, 62, 63, 64, 65, 66, 67, 68, 69, 70], "summary": {"covered_lines": 45, "num_statements": 45, "percent_covered": 100.0, "percent_covered_display": "100", "missing_lines": 0, "excluded_lines": 0, "percent_statements_covered": 100.0, "percent_statements_covered_display": "100"}, "missing_lines": [], "excluded_lines": [], "start_line": 1}}}, "src/lexical/surface_vectorize.py": {"executed_lines": [3, 5, 7, 8, 11, 15, 16, 17, 18, 19, 20, 21, 24, 25, 28, 32, 33, 36, 40, 41, 44, 46, 49, 56, 57, 58, 61, 68, 69, 70], "summary": {"covered_lines": 30, "num_statements": 30, "percent_covered": 100.0, "percent_covered_display": "100", "missing_lines": 0, "excluded_lines": 0, "percent_statements_covered": 100.0, "percent_statements_covered_display": "100"}, "missing_lines": [], "excluded_lines": [], "functions": {"surface_term_frequency_vectors": {"executed_lines": [15, 16, 17, 18, 19, 20, 21, 24, 25], "summary": {"covered_lines": 9, "num_statements": 9, "percent_covered": 100.0, "percent_covered_display": "100", "missing_lines": 0, "excluded_lines": 0, "percent_statements_covered": 100.0, "percent_statements_covered_display": "100"}, "missing_lines": [], "excluded_lines": [], "start_line": 11}, "surface_binary_presence_vectors": {"executed_lines": [32, 33], "summary": {"covered_lines": 2, "num_statements": 2, "percent_covered": 100.0, "percent_covered_display": "100", "missing_lines": 0, "excluded_lines": 0, "percent_statements_covered": 100.0, "percent_statements_covered_display": "100"}, "missing_lines": [], "excluded_lines": [], "start_line": 28}, "surface_log_count_vectors": {"executed_lines": [40, 41], "summary": {"covered_lines": 2, "num_statements": 2, "percent_covered": 100.0, "percent_covered_display": "100", "missing_lines": 0, "excluded_lines": 0, "percent_statements_covered": 100.0, "percent_statements_covered_display": "100"}, "missing_lines": [], "excluded_lines": [], "start_line": 36}, "surface_icf_vector": {"executed_lines": [46], "summary": {"covered_lines": 1, "num_statements": 1, "percent_covered": 100.0, "percent_covered_display": "100", "missing_lines": 0, "excluded_lines": 0, "percent_statements_covered": 100.0, "percent_statements_covered_display": "100"}, "missing_lines": [], "excluded_lines": [], "start_line": 44}, "surface_icf_weighted_vectors": {"executed_lines": [56, 57, 58], "summary": {"covered_lines": 3, "num_statements": 3, "percent_covered": 100.0, "percent_covered_display": "100", "missing_lines": 0, "excluded_lines": 0, "percent_statements_covered": 100.0, "percent_statements_covered_display": "100"}, "missing_lines": [], "excluded_lines": [], "start_line": 49}, "surface_tf_icf_vectors": {"executed_lines": [68, 69, 70], "summary": {"covered_lines": 3, "num_statements": 3, "percent_covered": 100.0, "percent_covered_display": "100", "missing_lines": 0, "excluded_lines": 0, "percent_statements_covered": 100.0, "percent_statements_covered_display": "100"}, "missing_lines": [], "excluded_lines": [], "start_line": 61}, "": {"executed_lines": [3, 5, 7, 8, 11, 28, 36, 44, 49, 61], "summary": {"covered_lines": 10, "num_statements": 10, "percent_covered": 100.0, "percent_covered_display": "100", "missing_lines": 0, "excluded_lines": 0, "percent_statements_covered": 100.0, "percent_statements_covered_display": "100"}, "missing_lines": [], "excluded_lines": [], "start_line": 1}}, "classes": {"": {"executed_lines": [3, 5, 7, 8, 11, 15, 16, 17, 18, 19, 20, 21, 24, 25, 28, 32, 33, 36, 40, 41, 44, 46, 49, 56, 57, 58, 61, 68, 69, 70], "summary": {"covered_lines": 30, "num_statements": 30, "percent_covered": 100.0, "percent_covered_display": "100", "missing_lines": 0, "excluded_lines": 0, "percent_statements_covered": 100.0, "percent_statements_covered_display": "100"}, "missing_lines": [], "excluded_lines": [], "start_line": 1}}}, "src/lexical/surface_vocabulary.py": {"executed_lines": [3, 5, 7, 9, 11, 18, 20, 23, 25, 31], "summary": {"covered_lines": 10, "num_statements": 10, "percent_covered": 100.0, "percent_covered_display": "100", "missing_lines": 0, "excluded_lines": 0, "percent_statements_covered": 100.0, "percent_statements_covered_display": "100"}, "missing_lines": [], "excluded_lines": [], "functions": {"half_verses_for_tier": {"executed_lines": [20], "summary": {"covered_lines": 1, "num_statements": 1, "percent_covered": 100.0, "percent_covered_display": "100", "missing_lines": 0, "excluded_lines": 0, "percent_statements_covered": 100.0, "percent_statements_covered_display": "100"}, "missing_lines": [], "excluded_lines": [], "start_line": 18}, "build_surface_vocabulary": {"executed_lines": [25, 31], "summary": {"covered_lines": 2, "num_statements": 2, "percent_covered": 100.0, "percent_covered_display": "100", "missing_lines": 0, "excluded_lines": 0, "percent_statements_covered": 100.0, "percent_statements_covered_display": "100"}, "missing_lines": [], "excluded_lines": [], "start_line": 23}, "": {"executed_lines": [3, 5, 7, 9, 11, 18, 23], "summary": {"covered_lines": 7, "num_statements": 7, "percent_covered": 100.0, "percent_covered_display": "100", "missing_lines": 0, "excluded_lines": 0, "percent_statements_covered": 100.0, "percent_statements_covered_display": "100"}, "missing_lines": [], "excluded_lines": [], "start_line": 1}}, "classes": {"": {"executed_lines": [3, 5, 7, 9, 11, 18, 20, 23, 25, 31], "summary": {"covered_lines": 10, "num_statements": 10, "percent_covered": 100.0, "percent_covered_display": "100", "missing_lines": 0, "excluded_lines": 0, "percent_statements_covered": 100.0, "percent_statements_covered_display": "100"}, "missing_lines": [], "excluded_lines": [], "start_line": 1}}}, "src/lexical/surface_zoning.py": {"executed_lines": [3, 5, 7, 8, 9, 10, 13, 21, 22, 23, 25, 26, 27, 28, 29, 30, 32, 33, 37, 38, 40, 41, 42, 43, 44], "summary": {"covered_lines": 25, "num_statements": 25, "percent_covered": 100.0, "percent_covered_display": "100", "missing_lines": 0, "excluded_lines": 0, "percent_statements_covered": 100.0, "percent_statements_covered_display": "100"}, "missing_lines": [], "excluded_lines": [], "functions": {"surface_position_mean_vectors": {"executed_lines": [21, 22, 23, 25, 26, 27, 28, 29, 30, 32, 33, 37, 38, 40, 41, 42, 43, 44], "summary": {"covered_lines": 18, "num_statements": 18, "percent_covered": 100.0, "percent_covered_display": "100", "missing_lines": 0, "excluded_lines": 0, "percent_statements_covered": 100.0, "percent_statements_covered_display": "100"}, "missing_lines": [], "excluded_lines": [], "start_line": 13}, "": {"executed_lines": [3, 5, 7, 8, 9, 10, 13], "summary": {"covered_lines": 7, "num_statements": 7, "percent_covered": 100.0, "percent_covered_display": "100", "missing_lines": 0, "excluded_lines": 0, "percent_statements_covered": 100.0, "percent_statements_covered_display": "100"}, "missing_lines": [], "excluded_lines": [], "start_line": 1}}, "classes": {"": {"executed_lines": [3, 5, 7, 8, 9, 10, 13, 21, 22, 23, 25, 26, 27, 28, 29, 30, 32, 33, 37, 38, 40, 41, 42, 43, 44], "summary": {"covered_lines": 25, "num_statements": 25, "percent_covered": 100.0, "percent_covered_display": "100", "missing_lines": 0, "excluded_lines": 0, "percent_statements_covered": 100.0, "percent_statements_covered_display": "100"}, "missing_lines": [], "excluded_lines": [], "start_line": 1}}}, "src/lexical/vectorize.py": {"executed_lines": [3, 5, 7, 8, 11, 15, 16, 17, 18, 19, 20, 21, 24, 25, 28, 32, 33, 36, 40, 41, 44, 46, 49, 56, 57, 58, 61, 68, 69, 70], "summary": {"covered_lines": 30, "num_statements": 30, "percent_covered": 100.0, "percent_covered_display": "100", "missing_lines": 0, "excluded_lines": 0, "percent_statements_covered": 100.0, "percent_statements_covered_display": "100"}, "missing_lines": [], "excluded_lines": [], "functions": {"term_frequency_vectors": {"executed_lines": [15, 16, 17, 18, 19, 20, 21, 24, 25], "summary": {"covered_lines": 9, "num_statements": 9, "percent_covered": 100.0, "percent_covered_display": "100", "missing_lines": 0, "excluded_lines": 0, "percent_statements_covered": 100.0, "percent_statements_covered_display": "100"}, "missing_lines": [], "excluded_lines": [], "start_line": 11}, "binary_presence_vectors": {"executed_lines": [32, 33], "summary": {"covered_lines": 2, "num_statements": 2, "percent_covered": 100.0, "percent_covered_display": "100", "missing_lines": 0, "excluded_lines": 0, "percent_statements_covered": 100.0, "percent_statements_covered_display": "100"}, "missing_lines": [], "excluded_lines": [], "start_line": 28}, "log_count_vectors": {"executed_lines": [40, 41], "summary": {"covered_lines": 2, "num_statements": 2, "percent_covered": 100.0, "percent_covered_display": "100", "missing_lines": 0, "excluded_lines": 0, "percent_statements_covered": 100.0, "percent_statements_covered_display": "100"}, "missing_lines": [], "excluded_lines": [], "start_line": 36}, "icf_vector": {"executed_lines": [46], "summary": {"covered_lines": 1, "num_statements": 1, "percent_covered": 100.0, "percent_covered_display": "100", "missing_lines": 0, "excluded_lines": 0, "percent_statements_covered": 100.0, "percent_statements_covered_display": "100"}, "missing_lines": [], "excluded_lines": [], "start_line": 44}, "icf_weighted_vectors": {"executed_lines": [56, 57, 58], "summary": {"covered_lines": 3, "num_statements": 3, "percent_covered": 100.0, "percent_covered_display": "100", "missing_lines": 0, "excluded_lines": 0, "percent_statements_covered": 100.0, "percent_statements_covered_display": "100"}, "missing_lines": [], "excluded_lines": [], "start_line": 49}, "tf_icf_vectors": {"executed_lines": [68, 69, 70], "summary": {"covered_lines": 3, "num_statements": 3, "percent_covered": 100.0, "percent_covered_display": "100", "missing_lines": 0, "excluded_lines": 0, "percent_statements_covered": 100.0, "percent_statements_covered_display": "100"}, "missing_lines": [], "excluded_lines": [], "start_line": 61}, "": {"executed_lines": [3, 5, 7, 8, 11, 28, 36, 44, 49, 61], "summary": {"covered_lines": 10, "num_statements": 10, "percent_covered": 100.0, "percent_covered_display": "100", "missing_lines": 0, "excluded_lines": 0, "percent_statements_covered": 100.0, "percent_statements_covered_display": "100"}, "missing_lines": [], "excluded_lines": [], "start_line": 1}}, "classes": {"": {"executed_lines": [3, 5, 7, 8, 11, 15, 16, 17, 18, 19, 20, 21, 24, 25, 28, 32, 33, 36, 40, 41, 44, 46, 49, 56, 57, 58, 61, 68, 69, 70], "summary": {"covered_lines": 30, "num_statements": 30, "percent_covered": 100.0, "percent_covered_display": "100", "missing_lines": 0, "excluded_lines": 0, "percent_statements_covered": 100.0, "percent_statements_covered_display": "100"}, "missing_lines": [], "excluded_lines": [], "start_line": 1}}}, "src/lexical/vocabulary.py": {"executed_lines": [3, 5, 7, 9, 12, 14, 17, 19, 25], "summary": {"covered_lines": 9, "num_statements": 9, "percent_covered": 100.0, "percent_covered_display": "100", "missing_lines": 0, "excluded_lines": 0, "percent_statements_covered": 100.0, "percent_statements_covered_display": "100"}, "missing_lines": [], "excluded_lines": [], "functions": {"half_verses_for_key": {"executed_lines": [14], "summary": {"covered_lines": 1, "num_statements": 1, "percent_covered": 100.0, "percent_covered_display": "100", "missing_lines": 0, "excluded_lines": 0, "percent_statements_covered": 100.0, "percent_statements_covered_display": "100"}, "missing_lines": [], "excluded_lines": [], "start_line": 12}, "build_vocabulary": {"executed_lines": [19, 25], "summary": {"covered_lines": 2, "num_statements": 2, "percent_covered": 100.0, "percent_covered_display": "100", "missing_lines": 0, "excluded_lines": 0, "percent_statements_covered": 100.0, "percent_statements_covered_display": "100"}, "missing_lines": [], "excluded_lines": [], "start_line": 17}, "": {"executed_lines": [3, 5, 7, 9, 12, 17], "summary": {"covered_lines": 6, "num_statements": 6, "percent_covered": 100.0, "percent_covered_display": "100", "missing_lines": 0, "excluded_lines": 0, "percent_statements_covered": 100.0, "percent_statements_covered_display": "100"}, "missing_lines": [], "excluded_lines": [], "start_line": 1}}, "classes": {"": {"executed_lines": [3, 5, 7, 9, 12, 14, 17, 19, 25], "summary": {"covered_lines": 9, "num_statements": 9, "percent_covered": 100.0, "percent_covered_display": "100", "missing_lines": 0, "excluded_lines": 0, "percent_statements_covered": 100.0, "percent_statements_covered_display": "100"}, "missing_lines": [], "excluded_lines": [], "start_line": 1}}}, "src/lexical/zoning.py": {"executed_lines": [3, 5, 7, 8, 9, 10, 13, 21, 22, 23, 25, 26, 27, 28, 29, 30, 32, 33, 37, 38, 40, 41, 42, 43, 44], "summary": {"covered_lines": 25, "num_statements": 25, "percent_covered": 100.0, "percent_covered_display": "100", "missing_lines": 0, "excluded_lines": 0, "percent_statements_covered": 100.0, "percent_statements_covered_display": "100"}, "missing_lines": [], "excluded_lines": [], "functions": {"position_mean_vectors": {"executed_lines": [21, 22, 23, 25, 26, 27, 28, 29, 30, 32, 33, 37, 38, 40, 41, 42, 43, 44], "summary": {"covered_lines": 18, "num_statements": 18, "percent_covered": 100.0, "percent_covered_display": "100", "missing_lines": 0, "excluded_lines": 0, "percent_statements_covered": 100.0, "percent_statements_covered_display": "100"}, "missing_lines": [], "excluded_lines": [], "start_line": 13}, "": {"executed_lines": [3, 5, 7, 8, 9, 10, 13], "summary": {"covered_lines": 7, "num_statements": 7, "percent_covered": 100.0, "percent_covered_display": "100", "missing_lines": 0, "excluded_lines": 0, "percent_statements_covered": 100.0, "percent_statements_covered_display": "100"}, "missing_lines": [], "excluded_lines": [], "start_line": 1}}, "classes": {"": {"executed_lines": [3, 5, 7, 8, 9, 10, 13, 21, 22, 23, 25, 26, 27, 28, 29, 30, 32, 33, 37, 38, 40, 41, 42, 43, 44], "summary": {"covered_lines": 25, "num_statements": 25, "percent_covered": 100.0, "percent_covered_display": "100", "missing_lines": 0, "excluded_lines": 0, "percent_statements_covered": 100.0, "percent_statements_covered_display": "100"}, "missing_lines": [], "excluded_lines": [], "start_line": 1}}}, "src/morphology/__init__.py": {"executed_lines": [], "summary": {"covered_lines": 0, "num_statements": 0, "percent_covered": 100.0, "percent_covered_display": "100", "missing_lines": 0, "excluded_lines": 0, "percent_statements_covered": 100.0, "percent_statements_covered_display": "100"}, "missing_lines": [], "excluded_lines": [], "functions": {"": {"executed_lines": [], "summary": {"covered_lines": 0, "num_statements": 0, "percent_covered": 100.0, "percent_covered_display": "100", "missing_lines": 0, "excluded_lines": 0, "percent_statements_covered": 100.0, "percent_statements_covered_display": "100"}, "missing_lines": [], "excluded_lines": [], "start_line": 1}}, "classes": {"": {"executed_lines": [], "summary": {"covered_lines": 0, "num_statements": 0, "percent_covered": 100.0, "percent_covered_display": "100", "missing_lines": 0, "excluded_lines": 0, "percent_statements_covered": 100.0, "percent_statements_covered_display": "100"}, "missing_lines": [], "excluded_lines": [], "start_line": 1}}}, "src/morphology/atomic.py": {"executed_lines": [3, 5, 7, 9, 10, 11, 12, 24, 26, 38, 51, 54, 55, 56, 57, 58, 59, 60, 61, 62, 63, 64, 65, 66, 67, 68, 69, 70, 73, 75, 76, 79, 81, 82, 83, 84, 85, 86, 87, 90, 94, 95, 96, 97, 98, 99, 100, 101, 102, 103, 104, 107, 111, 112, 113, 114, 115, 116, 119, 123, 124, 125, 128, 130, 131, 132, 133, 134, 135, 136, 137, 140, 142, 143, 146, 147, 148, 149, 150, 151], "summary": {"covered_lines": 80, "num_statements": 80, "percent_covered": 100.0, "percent_covered_display": "100", "missing_lines": 0, "excluded_lines": 0, "percent_statements_covered": 100.0, "percent_statements_covered_display": "100"}, "missing_lines": [], "excluded_lines": [], "functions": {"_half_verses_for_feature": {"executed_lines": [54, 55, 56, 57, 58, 59, 60, 61, 62, 63, 64, 65, 66, 67, 68, 69, 70], "summary": {"covered_lines": 17, "num_statements": 17, "percent_covered": 100.0, "percent_covered_display": "100", "missing_lines": 0, "excluded_lines": 0, "percent_statements_covered": 100.0, "percent_statements_covered_display": "100"}, "missing_lines": [], "excluded_lines": [], "start_line": 51}, "atomic_histogram": {"executed_lines": [75, 76], "summary": {"covered_lines": 2, "num_statements": 2, "percent_covered": 100.0, "percent_covered_display": "100", "missing_lines": 0, "excluded_lines": 0, "percent_statements_covered": 100.0, "percent_statements_covered_display": "100"}, "missing_lines": [], "excluded_lines": [], "start_line": 73}, "atomic_vectors": {"executed_lines": [81, 82, 83, 84, 85, 86, 87], "summary": {"covered_lines": 7, "num_statements": 7, "percent_covered": 100.0, "percent_covered_display": "100", "missing_lines": 0, "excluded_lines": 0, "percent_statements_covered": 100.0, "percent_statements_covered_display": "100"}, "missing_lines": [], "excluded_lines": [], "start_line": 79}, "atomic_psalm_vectors": {"executed_lines": [94, 95, 96, 97, 98, 99, 100, 101, 102, 103, 104], "summary": {"covered_lines": 11, "num_statements": 11, "percent_covered": 100.0, "percent_covered_display": "100", "missing_lines": 0, "excluded_lines": 0, "percent_statements_covered": 100.0, "percent_statements_covered_display": "100"}, "missing_lines": [], "excluded_lines": [], "start_line": 90}, "sp_plus_feature_vectors": {"executed_lines": [111, 112, 113, 114, 115, 116], "summary": {"covered_lines": 6, "num_statements": 6, "percent_covered": 100.0, "percent_covered_display": "100", "missing_lines": 0, "excluded_lines": 0, "percent_statements_covered": 100.0, "percent_statements_covered_display": "100"}, "missing_lines": [], "excluded_lines": [], "start_line": 107}, "sp_plus_feature_psalm_vectors": {"executed_lines": [123, 124, 125], "summary": {"covered_lines": 3, "num_statements": 3, "percent_covered": 100.0, "percent_covered_display": "100", "missing_lines": 0, "excluded_lines": 0, "percent_statements_covered": 100.0, "percent_statements_covered_display": "100"}, "missing_lines": [], "excluded_lines": [], "start_line": 119}, "full_morphology_vectors": {"executed_lines": [130, 131, 132, 133, 134, 135, 136, 137], "summary": {"covered_lines": 8, "num_statements": 8, "percent_covered": 100.0, "percent_covered_display": "100", "missing_lines": 0, "excluded_lines": 0, "percent_statements_covered": 100.0, "percent_statements_covered_display": "100"}, "missing_lines": [], "excluded_lines": [], "start_line": 128}, "full_morphology_psalm_vectors": {"executed_lines": [142, 143, 146, 147, 148, 149, 150, 151], "summary": {"covered_lines": 8, "num_statements": 8, "percent_covered": 100.0, "percent_covered_display": "100", "missing_lines": 0, "excluded_lines": 0, "percent_statements_covered": 100.0, "percent_statements_covered_display": "100"}, "missing_lines": [], "excluded_lines": [], "start_line": 140}, "": {"executed_lines": [3, 5, 7, 9, 10, 11, 12, 24, 26, 38, 51, 73, 79, 90, 107, 119, 128, 140], "summary": {"covered_lines": 18, "num_statements": 18, "percent_covered": 100.0, "percent_covered_display": "100", "missing_lines": 0, "excluded_lines": 0, "percent_statements_covered": 100.0, "percent_statements_covered_display": "100"}, "missing_lines": [], "excluded_lines": [], "start_line": 1}}, "classes": {"": {"executed_lines": [3, 5, 7, 9, 10, 11, 12, 24, 26, 38, 51, 54, 55, 56, 57, 58, 59, 60, 61, 62, 63, 64, 65, 66, 67, 68, 69, 70, 73, 75, 76, 79, 81, 82, 83, 84, 85, 86, 87, 90, 94, 95, 96, 97, 98, 99, 100, 101, 102, 103, 104, 107, 111, 112, 113, 114, 115, 116, 119, 123, 124, 125, 128, 130, 131, 132, 133, 134, 135, 136, 137, 140, 142, 143, 146, 147, 148, 149, 150, 151], "summary": {"covered_lines": 80, "num_statements": 80, "percent_covered": 100.0, "percent_covered_display": "100", "missing_lines": 0, "excluded_lines": 0, "percent_statements_covered": 100.0, "percent_statements_covered_display": "100"}, "missing_lines": [], "excluded_lines": [], "start_line": 1}}}, "src/morphology/corpus.py": {"executed_lines": [3, 5, 6, 7, 9, 11, 13, 15, 17, 20, 21, 24, 25, 26, 27, 28, 29, 30, 31, 32, 33, 34, 35, 38, 41, 44, 45, 49, 50, 52, 53, 54, 64], "summary": {"covered_lines": 33, "num_statements": 53, "percent_covered": 62.264150943396224, "percent_covered_display": "62", "missing_lines": 20, "excluded_lines": 0, "percent_statements_covered": 62.264150943396224, "percent_statements_covered_display": "62"}, "missing_lines": [42, 47, 58, 59, 60, 61, 62, 66, 68, 69, 70, 72, 73, 74, 75, 76, 78, 85, 102, 103], "excluded_lines": [], "functions": {"Corpus.__init__": {"executed_lines": [], "summary": {"covered_lines": 0, "num_statements": 1, "percent_covered": 0.0, "percent_covered_display": "0", "missing_lines": 1, "excluded_lines": 0, "percent_statements_covered": 0.0, "percent_statements_covered_display": "0"}, "missing_lines": [42], "excluded_lines": [], "start_line": 41}, "Corpus.api": {"executed_lines": [], "summary": {"covered_lines": 0, "num_statements": 1, "percent_covered": 0.0, "percent_covered_display": "0", "missing_lines": 1, "excluded_lines": 0, "percent_statements_covered": 0.0, "percent_statements_covered_display": "0"}, "missing_lines": [47], "excluded_lines": [], "start_line": 45}, "Corpus.load": {"executed_lines": [52, 53, 54], "summary": {"covered_lines": 3, "num_statements": 8, "percent_covered": 37.5, "percent_covered_display": "38", "missing_lines": 5, "excluded_lines": 0, "percent_statements_covered": 37.5, "percent_statements_covered_display": "38"}, "missing_lines": [58, 59, 60, 61, 62], "excluded_lines": [], "start_line": 50}, "Corpus.psalms": {"executed_lines": [], "summary": {"covered_lines": 0, "num_statements": 13, "percent_covered": 0.0, "percent_covered_display": "0", "missing_lines": 13, "excluded_lines": 0, "percent_statements_covered": 0.0, "percent_statements_covered_display": "0"}, "missing_lines": [66, 68, 69, 70, 72, 73, 74, 75, 76, 78, 85, 102, 103], "excluded_lines": [], "start_line": 64}, "": {"executed_lines": [3, 5, 6, 7, 9, 11, 13, 15, 17, 20, 21, 24, 25, 26, 27, 28, 29, 30, 31, 32, 33, 34, 35, 38, 41, 44, 45, 49, 50, 64], "summary": {"covered_lines": 30, "num_statements": 30, "percent_covered": 100.0, "percent_covered_display": "100", "missing_lines": 0, "excluded_lines": 0, "percent_statements_covered": 100.0, "percent_statements_covered_display": "100"}, "missing_lines": [], "excluded_lines": [], "start_line": 1}}, "classes": {"MorphologicalPsalm": {"executed_lines": [], "summary": {"covered_lines": 0, "num_statements": 0, "percent_covered": 100.0, "percent_covered_display": "100", "missing_lines": 0, "excluded_lines": 0, "percent_statements_covered": 100.0, "percent_statements_covered_display": "100"}, "missing_lines": [], "excluded_lines": [], "start_line": 21}, "Corpus": {"executed_lines": [52, 53, 54], "summary": {"covered_lines": 3, "num_statements": 23, "percent_covered": 13.043478260869565, "percent_covered_display": "13", "missing_lines": 20, "excluded_lines": 0, "percent_statements_covered": 13.043478260869565, "percent_statements_covered_display": "13"}, "missing_lines": [42, 47, 58, 59, 60, 61, 62, 66, 68, 69, 70, 72, 73, 74, 75, 76, 78, 85, 102, 103], "excluded_lines": [], "start_line": 38}, "": {"executed_lines": [3, 5, 6, 7, 9, 11, 13, 15, 17, 20, 21, 24, 25, 26, 27, 28, 29, 30, 31, 32, 33, 34, 35, 38, 41, 44, 45, 49, 50, 64], "summary": {"covered_lines": 30, "num_statements": 30, "percent_covered": 100.0, "percent_covered_display": "100", "missing_lines": 0, "excluded_lines": 0, "percent_statements_covered": 100.0, "percent_statements_covered_display": "100"}, "missing_lines": [], "excluded_lines": [], "start_line": 1}}}, "src/morphology/deploy.py": {"executed_lines": [3, 5, 7, 9, 10, 11, 13, 16, 23, 24, 26, 27, 28, 29, 30, 31, 32, 34, 35, 36, 37, 40, 41, 42, 43, 45, 46, 48, 49, 50, 51, 53, 54, 55, 56, 59, 63], "summary": {"covered_lines": 37, "num_statements": 37, "percent_covered": 100.0, "percent_covered_display": "100", "missing_lines": 0, "excluded_lines": 0, "percent_statements_covered": 100.0, "percent_statements_covered_display": "100"}, "missing_lines": [], "excluded_lines": [], "functions": {"psalm_deploy_vectors": {"executed_lines": [23, 24, 26, 27, 28, 29, 30, 31, 32, 34, 35, 36, 37, 40, 41, 42, 43, 45, 46, 48, 49, 50, 51, 53, 54, 55, 56], "summary": {"covered_lines": 27, "num_statements": 27, "percent_covered": 100.0, "percent_covered_display": "100", "missing_lines": 0, "excluded_lines": 0, "percent_statements_covered": 100.0, "percent_statements_covered_display": "100"}, "missing_lines": [], "excluded_lines": [], "start_line": 16}, "suffix_deploy_vectors": {"executed_lines": [63], "summary": {"covered_lines": 1, "num_statements": 1, "percent_covered": 100.0, "percent_covered_display": "100", "missing_lines": 0, "excluded_lines": 0, "percent_statements_covered": 100.0, "percent_statements_covered_display": "100"}, "missing_lines": [], "excluded_lines": [], "start_line": 59}, "": {"executed_lines": [3, 5, 7, 9, 10, 11, 13, 16, 59], "summary": {"covered_lines": 9, "num_statements": 9, "percent_covered": 100.0, "percent_covered_display": "100", "missing_lines": 0, "excluded_lines": 0, "percent_statements_covered": 100.0, "percent_statements_covered_display": "100"}, "missing_lines": [], "excluded_lines": [], "start_line": 1}}, "classes": {"": {"executed_lines": [3, 5, 7, 9, 10, 11, 13, 16, 23, 24, 26, 27, 28, 29, 30, 31, 32, 34, 35, 36, 37, 40, 41, 42, 43, 45, 46, 48, 49, 50, 51, 53, 54, 55, 56, 59, 63], "summary": {"covered_lines": 37, "num_statements": 37, "percent_covered": 100.0, "percent_covered_display": "100", "missing_lines": 0, "excluded_lines": 0, "percent_statements_covered": 100.0, "percent_statements_covered_display": "100"}, "missing_lines": [], "excluded_lines": [], "start_line": 1}}}, "src/morphology/generate_deploy.py": {"executed_lines": [3, 5, 6, 7, 9, 10, 11, 13, 14, 15, 18, 20, 23, 24, 25, 26, 30, 39, 42, 53], "summary": {"covered_lines": 20, "num_statements": 28, "percent_covered": 71.42857142857143, "percent_covered_display": "71", "missing_lines": 8, "excluded_lines": 0, "percent_statements_covered": 71.42857142857143, "percent_statements_covered_display": "71"}, "missing_lines": [44, 45, 46, 47, 48, 49, 50, 54], "excluded_lines": [], "functions": {"generate": {"executed_lines": [20, 23, 24, 25, 26, 30, 39], "summary": {"covered_lines": 7, "num_statements": 7, "percent_covered": 100.0, "percent_covered_display": "100", "missing_lines": 0, "excluded_lines": 0, "percent_statements_covered": 100.0, "percent_statements_covered_display": "100"}, "missing_lines": [], "excluded_lines": [], "start_line": 18}, "main": {"executed_lines": [], "summary": {"covered_lines": 0, "num_statements": 7, "percent_covered": 0.0, "percent_covered_display": "0", "missing_lines": 7, "excluded_lines": 0, "percent_statements_covered": 0.0, "percent_statements_covered_display": "0"}, "missing_lines": [44, 45, 46, 47, 48, 49, 50], "excluded_lines": [], "start_line": 42}, "": {"executed_lines": [3, 5, 6, 7, 9, 10, 11, 13, 14, 15, 18, 42, 53], "summary": {"covered_lines": 13, "num_statements": 14, "percent_covered": 92.85714285714286, "percent_covered_display": "93", "missing_lines": 1, "excluded_lines": 0, "percent_statements_covered": 92.85714285714286, "percent_statements_covered_display": "93"}, "missing_lines": [54], "excluded_lines": [], "start_line": 1}}, "classes": {"": {"executed_lines": [3, 5, 6, 7, 9, 10, 11, 13, 14, 15, 18, 20, 23, 24, 25, 26, 30, 39, 42, 53], "summary": {"covered_lines": 20, "num_statements": 28, "percent_covered": 71.42857142857143, "percent_covered_display": "71", "missing_lines": 8, "excluded_lines": 0, "percent_statements_covered": 71.42857142857143, "percent_statements_covered_display": "71"}, "missing_lines": [44, 45, 46, 47, 48, 49, 50, 54], "excluded_lines": [], "start_line": 1}}}, "src/morphology/generate_morphology.py": {"executed_lines": [3, 5, 6, 7, 9, 11, 12, 21, 23, 35, 38, 45, 48, 49, 58, 61, 63, 65, 66, 68, 72, 76, 83, 85, 89, 93, 100, 102, 103, 110, 112, 113, 120, 122, 125, 136], "summary": {"covered_lines": 36, "num_statements": 44, "percent_covered": 81.81818181818181, "percent_covered_display": "82", "missing_lines": 8, "excluded_lines": 0, "percent_statements_covered": 81.81818181818181, "percent_statements_covered_display": "82"}, "missing_lines": [127, 128, 129, 130, 131, 132, 133, 137], "excluded_lines": [], "functions": {"_write_if_missing": {"executed_lines": [45, 48, 49, 58], "summary": {"covered_lines": 4, "num_statements": 4, "percent_covered": 100.0, "percent_covered_display": "100", "missing_lines": 0, "excluded_lines": 0, "percent_statements_covered": 100.0, "percent_statements_covered_display": "100"}, "missing_lines": [], "excluded_lines": [], "start_line": 38}, "generate": {"executed_lines": [63, 65, 66, 68, 72, 76, 83, 85, 89, 93, 100, 102, 103, 110, 112, 113, 120, 122], "summary": {"covered_lines": 18, "num_statements": 18, "percent_covered": 100.0, "percent_covered_display": "100", "missing_lines": 0, "excluded_lines": 0, "percent_statements_covered": 100.0, "percent_statements_covered_display": "100"}, "missing_lines": [], "excluded_lines": [], "start_line": 61}, "main": {"executed_lines": [], "summary": {"covered_lines": 0, "num_statements": 7, "percent_covered": 0.0, "percent_covered_display": "0", "missing_lines": 7, "excluded_lines": 0, "percent_statements_covered": 0.0, "percent_statements_covered_display": "0"}, "missing_lines": [127, 128, 129, 130, 131, 132, 133], "excluded_lines": [], "start_line": 125}, ""
[...]
ed_lines": [3, 5, 7, 10, 12, 13, 14, 15, 16, 17, 18], "summary": {"covered_lines": 11, "num_statements": 11, "percent_covered": 100.0, "percent_covered_display": "100", "missing_lines": 0, "excluded_lines": 0, "percent_statements_covered": 100.0, "percent_statements_covered_display": "100"}, "missing_lines": [], "excluded_lines": [], "start_line": 1}}}, "src/syntax/signature.py": {"executed_lines": [3, 5, 8, 10, 13, 15, 16, 19, 21, 27, 29, 35, 39, 45, 47], "summary": {"covered_lines": 15, "num_statements": 15, "percent_covered": 100.0, "percent_covered_display": "100", "missing_lines": 0, "excluded_lines": 0, "percent_statements_covered": 100.0, "percent_statements_covered_display": "100"}, "missing_lines": [], "excluded_lines": [], "functions": {"build_phrase_signature": {"executed_lines": [10], "summary": {"covered_lines": 1, "num_statements": 1, "percent_covered": 100.0, "percent_covered_display": "100", "missing_lines": 0, "excluded_lines": 0, "percent_statements_covered": 100.0, "percent_statements_covered_display": "100"}, "missing_lines": [], "excluded_lines": [], "start_line": 8}, "build_full_phrase_signature": {"executed_lines": [15, 16], "summary": {"covered_lines": 2, "num_statements": 2, "percent_covered": 100.0, "percent_covered_display": "100", "missing_lines": 0, "excluded_lines": 0, "percent_statements_covered": 100.0, "percent_statements_covered_display": "100"}, "missing_lines": [], "excluded_lines": [], "start_line": 13}, "colon_signatures": {"executed_lines": [21], "summary": {"covered_lines": 1, "num_statements": 1, "percent_covered": 100.0, "percent_covered_display": "100", "missing_lines": 0, "excluded_lines": 0, "percent_statements_covered": 100.0, "percent_statements_covered_display": "100"}, "missing_lines": [], "excluded_lines": [], "start_line": 19}, "psalm_signatures": {"executed_lines": [29], "summary": {"covered_lines": 1, "num_statements": 1, "percent_covered": 100.0, "percent_covered_display": "100", "missing_lines": 0, "excluded_lines": 0, "percent_statements_covered": 100.0, "percent_statements_covered_display": "100"}, "missing_lines": [], "excluded_lines": [], "start_line": 27}, "colon_full_signatures": {"executed_lines": [39], "summary": {"covered_lines": 1, "num_statements": 1, "percent_covered": 100.0, "percent_covered_display": "100", "missing_lines": 0, "excluded_lines": 0, "percent_statements_covered": 100.0, "percent_statements_covered_display": "100"}, "missing_lines": [], "excluded_lines": [], "start_line": 35}, "psalm_full_signatures": {"executed_lines": [47], "summary": {"covered_lines": 1, "num_statements": 1, "percent_covered": 100.0, "percent_covered_display": "100", "missing_lines": 0, "excluded_lines": 0, "percent_statements_covered": 100.0, "percent_statements_covered_display": "100"}, "missing_lines": [], "excluded_lines": [], "start_line": 45}, "": {"executed_lines": [3, 5, 8, 13, 19, 27, 35, 45], "summary": {"covered_lines": 8, "num_statements": 8, "percent_covered": 100.0, "percent_covered_display": "100", "missing_lines": 0, "excluded_lines": 0, "percent_statements_covered": 100.0, "percent_statements_covered_display": "100"}, "missing_lines": [], "excluded_lines": [], "start_line": 1}}, "classes": {"": {"executed_lines": [3, 5, 8, 10, 13, 15, 16, 19, 21, 27, 29, 35, 39, 45, 47], "summary": {"covered_lines": 15, "num_statements": 15, "percent_covered": 100.0, "percent_covered_display": "100", "missing_lines": 0, "excluded_lines": 0, "percent_statements_covered": 100.0, "percent_statements_covered_display": "100"}, "missing_lines": [], "excluded_lines": [], "start_line": 1}}}, "src/syntax/signature_support.py": {"executed_lines": [3, 5, 6, 8, 11, 14, 17, 19, 20, 23, 25, 28, 30, 31], "summary": {"covered_lines": 14, "num_statements": 14, "percent_covered": 100.0, "percent_covered_display": "100", "missing_lines": 0, "excluded_lines": 0, "percent_statements_covered": 100.0, "percent_statements_covered_display": "100"}, "missing_lines": [], "excluded_lines": [], "functions": {"load_external_signature_counts": {"executed_lines": [19, 20], "summary": {"covered_lines": 2, "num_statements": 2, "percent_covered": 100.0, "percent_covered_display": "100", "missing_lines": 0, "excluded_lines": 0, "percent_statements_covered": 100.0, "percent_statements_covered_display": "100"}, "missing_lines": [], "excluded_lines": [], "start_line": 17}, "collapse_rare": {"executed_lines": [25], "summary": {"covered_lines": 1, "num_statements": 1, "percent_covered": 100.0, "percent_covered_display": "100", "missing_lines": 0, "excluded_lines": 0, "percent_statements_covered": 100.0, "percent_statements_covered_display": "100"}, "missing_lines": [], "excluded_lines": [], "start_line": 23}, "build_signature_vocabulary": {"executed_lines": [30, 31], "summary": {"covered_lines": 2, "num_statements": 2, "percent_covered": 100.0, "percent_covered_display": "100", "missing_lines": 0, "excluded_lines": 0, "percent_statements_covered": 100.0, "percent_statements_covered_display": "100"}, "missing_lines": [], "excluded_lines": [], "start_line": 28}, "": {"executed_lines": [3, 5, 6, 8, 11, 14, 17, 23, 28], "summary": {"covered_lines": 9, "num_statements": 9, "percent_covered": 100.0, "percent_covered_display": "100", "missing_lines": 0, "excluded_lines": 0, "percent_statements_covered": 100.0, "percent_statements_covered_display": "100"}, "missing_lines": [], "excluded_lines": [], "start_line": 1}}, "classes": {"": {"executed_lines": [3, 5, 6, 8, 11, 14, 17, 19, 20, 23, 25, 28, 30, 31], "summary": {"covered_lines": 14, "num_statements": 14, "percent_covered": 100.0, "percent_covered_display": "100", "missing_lines": 0, "excluded_lines": 0, "percent_statements_covered": 100.0, "percent_statements_covered_display": "100"}, "missing_lines": [], "excluded_lines": [], "start_line": 1}}}, "src/syntax/signature_vectorize.py": {"executed_lines": [3, 5, 7, 14, 15, 16, 19, 22, 28, 32, 33, 34, 35, 36, 37, 38, 39, 42, 46, 47, 48, 52, 55, 63, 64, 65, 66, 67, 68, 69, 70, 76, 79, 87, 88, 89, 90, 91, 92, 93, 94, 101, 104, 112, 113, 114, 118, 121, 129, 130, 131, 135], "summary": {"covered_lines": 52, "num_statements": 52, "percent_covered": 100.0, "percent_covered_display": "100", "missing_lines": 0, "excluded_lines": 0, "percent_statements_covered": 100.0, "percent_statements_covered_display": "100"}, "missing_lines": [], "excluded_lines": [], "functions": {"_collapsed_signatures": {"executed_lines": [22], "summary": {"covered_lines": 1, "num_statements": 1, "percent_covered": 100.0, "percent_covered_display": "100", "missing_lines": 0, "excluded_lines": 0, "percent_statements_covered": 100.0, "percent_statements_covered_display": "100"}, "missing_lines": [], "excluded_lines": [], "start_line": 19}, "phrase_signature_vectors": {"executed_lines": [32, 33, 34, 35, 36, 37, 38, 39], "summary": {"covered_lines": 8, "num_statements": 8, "percent_covered": 100.0, "percent_covered_display": "100", "missing_lines": 0, "excluded_lines": 0, "percent_statements_covered": 100.0, "percent_statements_covered_display": "100"}, "missing_lines": [], "excluded_lines": [], "start_line": 28}, "phrase_signature_psalm_vectors": {"executed_lines": [46, 47, 48, 52], "summary": {"covered_lines": 4, "num_statements": 4, "percent_covered": 100.0, "percent_covered_display": "100", "missing_lines": 0, "excluded_lines": 0, "percent_statements_covered": 100.0, "percent_statements_covered_display": "100"}, "missing_lines": [], "excluded_lines": [], "start_line": 42}, "phrase_signature_1_2gram_vectors": {"executed_lines": [63, 64, 65, 66, 67, 68, 69, 70, 76], "summary": {"covered_lines": 9, "num_statements": 9, "percent_covered": 100.0, "percent_covered_display": "100", "missing_lines": 0, "excluded_lines": 0, "percent_statements_covered": 100.0, "percent_statements_covered_display": "100"}, "missing_lines": [], "excluded_lines": [], "start_line": 55}, "phrase_signature_1_2_3gram_vectors": {"executed_lines": [87, 88, 89, 90, 91, 92, 93, 94, 101], "summary": {"covered_lines": 9, "num_statements": 9, "percent_covered": 100.0, "percent_covered_display": "100", "missing_lines": 0, "excluded_lines": 0, "percent_statements_covered": 100.0, "percent_statements_covered_display": "100"}, "missing_lines": [], "excluded_lines": [], "start_line": 79}, "phrase_signature_1_2gram_psalm_vectors": {"executed_lines": [112, 113, 114, 118], "summary": {"covered_lines": 4, "num_statements": 4, "percent_covered": 100.0, "percent_covered_display": "100", "missing_lines": 0, "excluded_lines": 0, "percent_statements_covered": 100.0, "percent_statements_covered_display": "100"}, "missing_lines": [], "excluded_lines": [], "start_line": 104}, "phrase_signature_1_2_3gram_psalm_vectors": {"executed_lines": [129, 130, 131, 135], "summary": {"covered_lines": 4, "num_statements": 4, "percent_covered": 100.0, "percent_covered_display": "100", "missing_lines": 0, "excluded_lines": 0, "percent_statements_covered": 100.0, "percent_statements_covered_display": "100"}, "missing_lines": [], "excluded_lines": [], "start_line": 121}, "": {"executed_lines": [3, 5, 7, 14, 15, 16, 19, 28, 42, 55, 79, 104, 121], "summary": {"covered_lines": 13, "num_statements": 13, "percent_covered": 100.0, "percent_covered_display": "100", "missing_lines": 0, "excluded_lines": 0, "percent_statements_covered": 100.0, "percent_statements_covered_display": "100"}, "missing_lines": [], "excluded_lines": [], "start_line": 1}}, "classes": {"": {"executed_lines": [3, 5, 7, 14, 15, 16, 19, 22, 28, 32, 33, 34, 35, 36, 37, 38, 39, 42, 46, 47, 48, 52, 55, 63, 64, 65, 66, 67, 68, 69, 70, 76, 79, 87, 88, 89, 90, 91, 92, 93, 94, 101, 104, 112, 113, 114, 118, 121, 129, 130, 131, 135], "summary": {"covered_lines": 52, "num_statements": 52, "percent_covered": 100.0, "percent_covered_display": "100", "missing_lines": 0, "excluded_lines": 0, "percent_statements_covered": 100.0, "percent_statements_covered_display": "100"}, "missing_lines": [], "excluded_lines": [], "start_line": 1}}}, "src/syntax/subphrase.py": {"executed_lines": [3, 5, 7, 10, 12, 15, 17], "summary": {"covered_lines": 7, "num_statements": 7, "percent_covered": 100.0, "percent_covered_display": "100", "missing_lines": 0, "excluded_lines": 0, "percent_statements_covered": 100.0, "percent_statements_covered_display": "100"}, "missing_lines": [], "excluded_lines": [], "functions": {"mask_par": {"executed_lines": [12], "summary": {"covered_lines": 1, "num_statements": 1, "percent_covered": 100.0, "percent_covered_display": "100", "missing_lines": 0, "excluded_lines": 0, "percent_statements_covered": 100.0, "percent_statements_covered_display": "100"}, "missing_lines": [], "excluded_lines": [], "start_line": 10}, "colon_safe_subphrase_rela": {"executed_lines": [17], "summary": {"covered_lines": 1, "num_statements": 1, "percent_covered": 100.0, "percent_covered_display": "100", "missing_lines": 0, "excluded_lines": 0, "percent_statements_covered": 100.0, "percent_statements_covered_display": "100"}, "missing_lines": [], "excluded_lines": [], "start_line": 15}, "": {"executed_lines": [3, 5, 7, 10, 15], "summary": {"covered_lines": 5, "num_statements": 5, "percent_covered": 100.0, "percent_covered_display": "100", "missing_lines": 0, "excluded_lines": 0, "percent_statements_covered": 100.0, "percent_statements_covered_display": "100"}, "missing_lines": [], "excluded_lines": [], "start_line": 1}}, "classes": {"": {"executed_lines": [3, 5, 7, 10, 12, 15, 17], "summary": {"covered_lines": 7, "num_statements": 7, "percent_covered": 100.0, "percent_covered_display": "100", "missing_lines": 0, "excluded_lines": 0, "percent_statements_covered": 100.0, "percent_statements_covered_display": "100"}, "missing_lines": [], "excluded_lines": [], "start_line": 1}}}, "src/syntax/subphrase_vectorize.py": {"executed_lines": [3, 5, 7, 8, 9, 11, 12, 15, 17, 20, 22, 23, 24, 27, 28, 31, 33, 40], "summary": {"covered_lines": 18, "num_statements": 18, "percent_covered": 100.0, "percent_covered_display": "100", "missing_lines": 0, "excluded_lines": 0, "percent_statements_covered": 100.0, "percent_statements_covered_display": "100"}, "missing_lines": [], "excluded_lines": [], "functions": {"subphrase_rela_unigram_histogram": {"executed_lines": [17], "summary": {"covered_lines": 1, "num_statements": 1, "percent_covered": 100.0, "percent_covered_display": "100", "missing_lines": 0, "excluded_lines": 0, "percent_statements_covered": 100.0, "percent_statements_covered_display": "100"}, "missing_lines": [], "excluded_lines": [], "start_line": 15}, "subphrase_rela_1gram_vectors": {"executed_lines": [22, 23, 24, 27, 28], "summary": {"covered_lines": 5, "num_statements": 5, "percent_covered": 100.0, "percent_covered_display": "100", "missing_lines": 0, "excluded_lines": 0, "percent_statements_covered": 100.0, "percent_statements_covered_display": "100"}, "missing_lines": [], "excluded_lines": [], "start_line": 20}, "subphrase_rela_1gram_psalm_vectors": {"executed_lines": [33, 40], "summary": {"covered_lines": 2, "num_statements": 2, "percent_covered": 100.0, "percent_covered_display": "100", "missing_lines": 0, "excluded_lines": 0, "percent_statements_covered": 100.0, "percent_statements_covered_display": "100"}, "missing_lines": [], "excluded_lines": [], "start_line": 31}, "": {"executed_lines": [3, 5, 7, 8, 9, 11, 12, 15, 20, 31], "summary": {"covered_lines": 10, "num_statements": 10, "percent_covered": 100.0, "percent_covered_display": "100", "missing_lines": 0, "excluded_lines": 0, "percent_statements_covered": 100.0, "percent_statements_covered_display": "100"}, "missing_lines": [], "excluded_lines": [], "start_line": 1}}, "classes": {"": {"executed_lines": [3, 5, 7, 8, 9, 11, 12, 15, 17, 20, 22, 23, 24, 27, 28, 31, 33, 40], "summary": {"covered_lines": 18, "num_statements": 18, "percent_covered": 100.0, "percent_covered_display": "100", "missing_lines": 0, "excluded_lines": 0, "percent_statements_covered": 100.0, "percent_statements_covered_display": "100"}, "missing_lines": [], "excluded_lines": [], "start_line": 1}}}, "src/syntax/typ_ngram.py": {"executed_lines": [3, 5, 7, 14, 15, 17, 18, 21, 23, 26, 28, 31, 33, 36, 38, 39, 40, 41, 42, 45, 49, 50, 51, 52, 53, 56, 59, 63, 64, 65, 66, 67, 74, 77, 79, 80, 83, 87, 88, 91, 95, 96], "summary": {"covered_lines": 42, "num_statements": 42, "percent_covered": 100.0, "percent_covered_display": "100", "missing_lines": 0, "excluded_lines": 0, "percent_statements_covered": 100.0, "percent_statements_covered_display": "100"}, "missing_lines": [], "excluded_lines": [], "functions": {"phrase_typ_unigram_histogram": {"executed_lines": [23], "summary": {"covered_lines": 1, "num_statements": 1, "percent_covered": 100.0, "percent_covered_display": "100", "missing_lines": 0, "excluded_lines": 0, "percent_statements_covered": 100.0, "percent_statements_covered_display": "100"}, "missing_lines": [], "excluded_lines": [], "start_line": 21}, "phrase_typ_bigram_histogram": {"executed_lines": [28], "summary": {"covered_lines": 1, "num_statements": 1, "percent_covered": 100.0, "percent_covered_display": "100", "missing_lines": 0, "excluded_lines": 0, "percent_statements_covered": 100.0, "percent_statements_covered_display": "100"}, "missing_lines": [], "excluded_lines": [], "start_line": 26}, "phrase_typ_trigram_histogram": {"executed_lines": [33], "summary": {"covered_lines": 1, "num_statements": 1, "percent_covered": 100.0, "percent_covered_display": "100", "missing_lines": 0, "excluded_lines": 0, "percent_statements_covered": 100.0, "percent_statements_covered_display": "100"}, "missing_lines": [], "excluded_lines": [], "start_line": 31}, "phrase_typ_1gram_vectors": {"executed_lines": [38, 39, 40, 41, 42], "summary": {"covered_lines": 5, "num_statements": 5, "percent_covered": 100.0, "percent_covered_display": "100", "missing_lines": 0, "excluded_lines": 0, "percent_statements_covered": 100.0, "percent_statements_covered_display": "100"}, "missing_lines": [], "excluded_lines": [], "start_line": 36}, "phrase_typ_1_2gram_vectors": {"executed_lines": [49, 50, 51, 52, 53, 56], "summary": {"covered_lines": 6, "num_statements": 6, "percent_covered": 100.0, "percent_covered_display": "100", "missing_lines": 0, "excluded_lines": 0, "percent_statements_covered": 100.0, "percent_statements_covered_display": "100"}, "missing_lines": [], "excluded_lines": [], "start_line": 45}, "phrase_typ_1_2_3gram_vectors": {"executed_lines": [63, 64, 65, 66, 67, 74], "summary": {"covered_lines": 6, "num_statements": 6, "percent_covered": 100.0, "percent_covered_display": "100", "missing_lines": 0, "excluded_lines": 0, "percent_statements_covered": 100.0, "percent_statements_covered_display": "100"}, "missing_lines": [], "excluded_lines": [], "start_line": 59}, "phrase_typ_1gram_psalm_vectors": {"executed_lines": [79, 80], "summary": {"covered_lines": 2, "num_statements": 2, "percent_covered": 100.0, "percent_covered_display": "100", "missing_lines": 0, "excluded_lines": 0, "percent_statements_covered": 100.0, "percent_statements_covered_display": "100"}, "missing_lines": [], "excluded_lines": [], "start_line": 77}, "phrase_typ_1_2gram_psalm_vectors": {"executed_lines": [87, 88], "summary": {"covered_lines": 2, "num_statements": 2, "percent_covered": 100.0, "percent_covered_display": "100", "missing_lines": 0, "excluded_lines": 0, "percent_statements_covered": 100.0, "percent_statements_covered_display": "100"}, "missing_lines": [], "excluded_lines": [], "start_line": 83}, "phrase_typ_1_2_3gram_psalm_vectors": {"executed_lines": [95, 96], "summary": {"covered_lines": 2, "num_statements": 2, "percent_covered": 100.0, "percent_covered_display": "100", "missing_lines": 0, "excluded_lines": 0, "percent_statements_covered": 100.0, "percent_statements_covered_display": "100"}, "missing_lines": [], "excluded_lines": [], "start_line": 91}, "": {"executed_lines": [3, 5, 7, 14, 15, 17, 18, 21, 26, 31, 36, 45, 59, 77, 83, 91], "summary": {"covered_lines": 16, "num_statements": 16, "percent_covered": 100.0, "percent_covered_display": "100", "missing_lines": 0, "excluded_lines": 0, "percent_statements_covered": 100.0, "percent_statements_covered_display": "100"}, "missing_lines": [], "excluded_lines": [], "start_line": 1}}, "classes": {"": {"executed_lines": [3, 5, 7, 14, 15, 17, 18, 21, 23, 26, 28, 31, 33, 36, 38, 39, 40, 41, 42, 45, 49, 50, 51, 52, 53, 56, 59, 63, 64, 65, 66, 67, 74, 77, 79, 80, 83, 87, 88, 91, 95, 96], "summary": {"covered_lines": 42, "num_statements": 42, "percent_covered": 100.0, "percent_covered_display": "100", "missing_lines": 0, "excluded_lines": 0, "percent_statements_covered": 100.0, "percent_statements_covered_display": "100"}, "missing_lines": [], "excluded_lines": [], "start_line": 1}}}, "src/syntax/vocabulary.py": {"executed_lines": [3, 5, 21, 53], "summary": {"covered_lines": 4, "num_statements": 4, "percent_covered": 100.0, "percent_covered_display": "100", "missing_lines": 0, "excluded_lines": 0, "percent_statements_covered": 100.0, "percent_statements_covered_display": "100"}, "missing_lines": [], "excluded_lines": [], "functions": {"": {"executed_lines": [3, 5, 21, 53], "summary": {"covered_lines": 4, "num_statements": 4, "percent_covered": 100.0, "percent_covered_display": "100", "missing_lines": 0, "excluded_lines": 0, "percent_statements_covered": 100.0, "percent_statements_covered_display": "100"}, "missing_lines": [], "excluded_lines": [], "start_line": 1}}, "classes": {"": {"executed_lines": [3, 5, 21, 53], "summary": {"covered_lines": 4, "num_statements": 4, "percent_covered": 100.0, "percent_covered_display": "100", "missing_lines": 0, "excluded_lines": 0, "percent_statements_covered": 100.0, "percent_statements_covered_display": "100"}, "missing_lines": [], "excluded_lines": [], "start_line": 1}}}}, "totals": {"covered_lines": 2609, "num_statements": 3113, "percent_covered": 83.8098297462255, "percent_covered_display": "84", "missing_lines": 504, "excluded_lines": 7, "percent_statements_covered": 83.8098297462255, "percent_statements_covered_display": "84"}}